<?xml version="1.0" encoding="UTF-8"?>
<!-- Generated by org.testng.reporters.JUnitXMLReporter -->
<testsuite ignored="0" hostname="INWSLPDEV-112" failures="2" tests="56" name="Bank Manager -- chrome" time="404.65" errors="0" timestamp="2025-09-17T12:37:36 IST">
  <testcase classname="TestCases.SampleFormTest" name="valueTest" time="10.115">
    <failure type="java.lang.AssertionError" message="null">
      <![CDATA[java.lang.AssertionError: null
at TestCases.SampleFormTest.valueTest(SampleFormTest.java:66)
at java.base/java.util.ArrayList.forEach(ArrayList.java:1596)
... Removed 27 stack frames]]>
    </failure>
  </testcase> <!-- valueTest -->
  <testcase classname="TestCases.SampleFormTest" name="valueTest" time="1.22"/>
  <testcase classname="TestCases.SampleFormTest" name="valueTest" time="1.552"/>
  <testcase classname="TestCases.HomePageTest" name="buttonsCheck" time="0.127"/>
  <testcase classname="TestCases.HomePageTest" name="custLogin" time="0.641"/>
  <testcase classname="TestCases.HomePageTest" name="home" time="0.106"/>
  <testcase classname="TestCases.HomePageTest" name="lifeTimeMembership" time="1.783"/>
  <testcase classname="TestCases.HomePageTest" name="mngrLogin" time="0.702"/>
  <testcase classname="TestCases.TestLifeTimeMembership" name="pageNavigationTest" time="0.004">
    <failure type="java.lang.AssertionError" message="null">
      <![CDATA[java.lang.AssertionError: null
at TestCases.TestLifeTimeMembership.pageNavigationTest(TestLifeTimeMembership.java:45)
at java.base/java.util.ArrayList.forEach(ArrayList.java:1596)
... Removed 27 stack frames]]>
    </failure>
  </testcase> <!-- pageNavigationTest -->
  <testcase classname="TestCases.BankManagerTest" name="addCust" time="1.519"/>
  <testcase classname="TestCases.BankManagerTest" name="addCust" time="1.932"/>
  <testcase classname="TestCases.BankManagerTest" name="addCust" time="3.435"/>
  <testcase classname="TestCases.BankManagerTest" name="addCust" time="3.346"/>
  <testcase classname="TestCases.BankManagerTest" name="addCust" time="3.839"/>
  <testcase classname="TestCases.BankManagerTest" name="checkDeleteButton" time="2.313"/>
  <testcase classname="TestCases.BankManagerTest" name="custDetails" time="2.185"/>
  <testcase classname="TestCases.BankManagerTest" name="custDetails" time="1.603"/>
  <testcase classname="TestCases.BankManagerTest" name="custDetails" time="1.629"/>
  <testcase classname="TestCases.BankManagerTest" name="custDetails" time="1.494"/>
  <testcase classname="TestCases.BankManagerTest" name="custDetails" time="1.694"/>
  <testcase classname="TestCases.BankManagerTest" name="deleteTest" time="1.581"/>
  <testcase classname="TestCases.BankManagerTest" name="placeHolderTest" time="1.338"/>
  <testcase classname="TestCases.BankManagerTest" name="openAccount" time="2.058"/>
  <testcase classname="TestCases.BankManagerTest" name="openAccount" time="1.919"/>
  <testcase classname="TestCases.BankManagerTest" name="openAccount" time="1.748"/>
  <testcase classname="TestCases.BankManagerTest" name="openAccount" time="1.853"/>
  <testcase classname="TestCases.BankManagerTest" name="openAccount" time="1.69"/>
  <testcase classname="TestCases.CustLoginTest" name="TransactionBackButttonTest" time="3.279"/>
  <testcase classname="TestCases.CustLoginTest" name="TransactionBackButttonTest" time="3.417"/>
  <testcase classname="TestCases.CustLoginTest" name="TransactionBackButttonTest" time="3.562"/>
  <testcase classname="TestCases.CustLoginTest" name="TransactionBackButttonTest" time="4.322"/>
  <testcase classname="TestCases.CustLoginTest" name="TransactionBackButttonTest" time="4.405"/>
  <testcase classname="TestCases.CustLoginTest" name="afterLoginPageTest" time="2.191"/>
  <testcase classname="TestCases.CustLoginTest" name="afterLoginPageTest" time="3.167"/>
  <testcase classname="TestCases.CustLoginTest" name="afterLoginPageTest" time="2.309"/>
  <testcase classname="TestCases.CustLoginTest" name="afterLoginPageTest" time="1.945"/>
  <testcase classname="TestCases.CustLoginTest" name="afterLoginPageTest" time="1.855"/>
  <testcase classname="TestCases.CustLoginTest" name="depositTest" time="3.447"/>
  <testcase classname="TestCases.CustLoginTest" name="depositTest" time="3.552"/>
  <testcase classname="TestCases.CustLoginTest" name="depositTest" time="3.793"/>
  <testcase classname="TestCases.CustLoginTest" name="depositTest" time="3.668"/>
  <testcase classname="TestCases.CustLoginTest" name="depositTest" time="3.446"/>
  <testcase classname="TestCases.CustLoginTest" name="drpdownNameSelectionTest" time="3.606"/>
  <testcase classname="TestCases.CustLoginTest" name="transactionTableTest" time="3.798"/>
  <testcase classname="TestCases.CustLoginTest" name="transactionTableTest" time="2.874"/>
  <testcase classname="TestCases.CustLoginTest" name="transactionTableTest" time="3.112"/>
  <testcase classname="TestCases.CustLoginTest" name="transactionTableTest" time="3.076"/>
  <testcase classname="TestCases.CustLoginTest" name="transactionTableTest" time="3.468"/>
  <testcase classname="TestCases.CustLoginTest" name="withdrawTest" time="5.803"/>
  <testcase classname="TestCases.CustLoginTest" name="withdrawTest" time="6.121"/>
  <testcase classname="TestCases.CustLoginTest" name="withdrawTest" time="5.592"/>
  <testcase classname="TestCases.CustLoginTest" name="withdrawTest" time="4.852"/>
  <testcase classname="TestCases.CustLoginTest" name="withdrawTest" time="4.477"/>
  <testcase classname="TestCases.CustLoginTest" name="checkCustomerButton" time="0.645"/>
  <testcase classname="TestCases.CustLoginTest" name="drpDownSizeTest" time="0.88"/>
  <testcase classname="TestCases.CustLoginTest" name="drpDownNamesTest" time="0.838"/>
</testsuite> <!-- Bank Manager - chrome -->
