<?xml version="1.0" encoding="utf-8" ?>
<!DOCTYPE html PUBLIC "-//W3C//DTD XHTML 1.0 Strict//EN"
        "http://www.w3.org/TR/xhtml1/DTD/xhtml1-strict.dtd">
<html xmlns="http://www.w3.org/1999/xhtml" xml:lang="" lang="">
<head>
  <title>Test Results Report - Bank Manager -- chrome</title>
  <meta http-equiv="Content-Type" content="text/html;charset=utf-8" />
  <meta name="description" content="TestNG unit test results." />
  <link href="reportng.css" rel="stylesheet" type="text/css" />
    <script type="text/javascript" src="reportng.js"></script>
</head>
<body>
<h1>Bank Manager -- chrome</h1>
<p>
  Test duration: 344.548s
</p>



  <table class="resultsTable">
    <tr><th colspan="3" class="header failed">Failed Tests</th></tr>
          <tr>
        <td colspan="3" class="group">TestCases.BankManagerTest</td>
      </tr>
            
<tr>
  <td class="method">
                  deleteTest
      </td>
  <td class="duration">
    10.310s
  </td>
  <td class="result">
        
    
        

        <a href="javascript:toggleElement('exception-0', 'block')" title="Click to expand/collapse"><b>java.lang.AssertionError: Expected condition failed: waiting for element to be clickable: By.xpath: //button[@ng-click=&apos;showCust()&apos;] (tried for 10 second(s) with 500 milliseconds interval)<br/>
Build info: version: &apos;4.35.0&apos;, revision: &apos;1c58e5028b&apos;<br/>
System info: os.name: &apos;Windows 11&apos;, os.arch: &apos;amd64&apos;, os.version: &apos;10.0&apos;, java.version: &apos;21.0.8&apos;<br/>
Driver info: org.openqa.selenium.chrome.ChromeDriver<br/>
Capabilities {acceptInsecureCerts: false, browserName: chrome, browserVersion: 140.0.7339.128, chrome: {chromedriverVersion: 140.0.7339.82 (bc93617e21c3..., userDataDir: C:\Users\HUNEEP~1.SUR\AppDa...}, fedcm:accounts: true, goog:chromeOptions: {debuggerAddress: localhost:61012}, networkConnectionEnabled: false, pageLoadStrategy: normal, platformName: windows, proxy: Proxy(), se:cdp: ws://localhost:61012/devtoo..., se:cdpVersion: 140.0.7339.128, setWindowRect: true, strictFileInteractability: false, timeouts: {implicit: 0, pageLoad: 300000, script: 30000}, unhandledPromptBehavior: dismiss and notify, webauthn:extension:credBlob: true, webauthn:extension:largeBlob: true, webauthn:extension:minPinLength: true, webauthn:extension:prf: true, webauthn:virtualAuthenticators: true}<br/>
Session ID: 56de828ac1fd35eb3302f53d4f461dc4</b></a><br />
    <div class="stackTrace" id="exception-0">
              org.testng.Assert.fail(Assert.java:111)<br />
              TestCases.BankManagerTest.deleteTest(BankManagerTest.java:228)<br />
              java.base/jdk.internal.reflect.DirectMethodHandleAccessor.invoke(DirectMethodHandleAccessor.java:103)<br />
              java.base/java.lang.reflect.Method.invoke(Method.java:580)<br />
              org.testng.internal.invokers.MethodInvocationHelper.invokeMethod(MethodInvocationHelper.java:141)<br />
              org.testng.internal.invokers.TestInvoker.invokeMethod(TestInvoker.java:687)<br />
              org.testng.internal.invokers.TestInvoker.invokeTestMethod(TestInvoker.java:230)<br />
              org.testng.internal.invokers.MethodRunner.runInSequence(MethodRunner.java:63)<br />
              org.testng.internal.invokers.TestInvoker$MethodInvocationAgent.invoke(TestInvoker.java:995)<br />
              org.testng.internal.invokers.TestInvoker.invokeTestMethods(TestInvoker.java:203)<br />
              org.testng.internal.invokers.TestMethodWorker.invokeTestMethods(TestMethodWorker.java:154)<br />
              org.testng.internal.invokers.TestMethodWorker.run(TestMethodWorker.java:134)<br />
              java.base/java.util.ArrayList.forEach(ArrayList.java:1596)<br />
              org.testng.TestRunner.privateRun(TestRunner.java:741)<br />
              org.testng.TestRunner.run(TestRunner.java:616)<br />
              org.testng.SuiteRunner.runTest(SuiteRunner.java:421)<br />
              org.testng.SuiteRunner.runSequentially(SuiteRunner.java:413)<br />
              org.testng.SuiteRunner.privateRun(SuiteRunner.java:373)<br />
              org.testng.SuiteRunner.run(SuiteRunner.java:312)<br />
              org.testng.SuiteRunnerWorker.runSuite(SuiteRunnerWorker.java:52)<br />
              org.testng.SuiteRunnerWorker.run(SuiteRunnerWorker.java:95)<br />
              org.testng.TestNG.runSuitesSequentially(TestNG.java:1274)<br />
              org.testng.TestNG.runSuitesLocally(TestNG.java:1208)<br />
              org.testng.TestNG.runSuites(TestNG.java:1112)<br />
              org.testng.TestNG.run(TestNG.java:1079)<br />
              org.apache.maven.surefire.testng.TestNGExecutor.run(TestNGExecutor.java:308)<br />
              org.apache.maven.surefire.testng.TestNGXmlTestSuite.execute(TestNGXmlTestSuite.java:71)<br />
              org.apache.maven.surefire.testng.TestNGProvider.invoke(TestNGProvider.java:113)<br />
              org.apache.maven.surefire.booter.ForkedBooter.runSuitesInProcess(ForkedBooter.java:385)<br />
              org.apache.maven.surefire.booter.ForkedBooter.execute(ForkedBooter.java:162)<br />
              org.apache.maven.surefire.booter.ForkedBooter.run(ForkedBooter.java:507)<br />
              org.apache.maven.surefire.booter.ForkedBooter.main(ForkedBooter.java:495)<br />
                </div>
      </td>
</tr>
          <tr>
        <td colspan="3" class="group">TestCases.TestLifeTimeMembership</td>
      </tr>
            
<tr>
  <td class="method">
                  pageNavigationTest
      </td>
  <td class="duration">
    0.006s
  </td>
  <td class="result">
        
    
        

        <a href="javascript:toggleElement('exception-1', 'block')" title="Click to expand/collapse"><b>java.lang.AssertionError: null</b></a><br />
    <div class="stackTrace" id="exception-1">
              org.testng.Assert.fail(Assert.java:111)<br />
              org.testng.Assert.fail(Assert.java:116)<br />
              TestCases.TestLifeTimeMembership.pageNavigationTest(TestLifeTimeMembership.java:45)<br />
              java.base/jdk.internal.reflect.DirectMethodHandleAccessor.invoke(DirectMethodHandleAccessor.java:103)<br />
              java.base/java.lang.reflect.Method.invoke(Method.java:580)<br />
              org.testng.internal.invokers.MethodInvocationHelper.invokeMethod(MethodInvocationHelper.java:141)<br />
              org.testng.internal.invokers.TestInvoker.invokeMethod(TestInvoker.java:687)<br />
              org.testng.internal.invokers.TestInvoker.invokeTestMethod(TestInvoker.java:230)<br />
              org.testng.internal.invokers.MethodRunner.runInSequence(MethodRunner.java:63)<br />
              org.testng.internal.invokers.TestInvoker$MethodInvocationAgent.invoke(TestInvoker.java:995)<br />
              org.testng.internal.invokers.TestInvoker.invokeTestMethods(TestInvoker.java:203)<br />
              org.testng.internal.invokers.TestMethodWorker.invokeTestMethods(TestMethodWorker.java:154)<br />
              org.testng.internal.invokers.TestMethodWorker.run(TestMethodWorker.java:134)<br />
              java.base/java.util.ArrayList.forEach(ArrayList.java:1596)<br />
              org.testng.TestRunner.privateRun(TestRunner.java:741)<br />
              org.testng.TestRunner.run(TestRunner.java:616)<br />
              org.testng.SuiteRunner.runTest(SuiteRunner.java:421)<br />
              org.testng.SuiteRunner.runSequentially(SuiteRunner.java:413)<br />
              org.testng.SuiteRunner.privateRun(SuiteRunner.java:373)<br />
              org.testng.SuiteRunner.run(SuiteRunner.java:312)<br />
              org.testng.SuiteRunnerWorker.runSuite(SuiteRunnerWorker.java:52)<br />
              org.testng.SuiteRunnerWorker.run(SuiteRunnerWorker.java:95)<br />
              org.testng.TestNG.runSuitesSequentially(TestNG.java:1274)<br />
              org.testng.TestNG.runSuitesLocally(TestNG.java:1208)<br />
              org.testng.TestNG.runSuites(TestNG.java:1112)<br />
              org.testng.TestNG.run(TestNG.java:1079)<br />
              org.apache.maven.surefire.testng.TestNGExecutor.run(TestNGExecutor.java:308)<br />
              org.apache.maven.surefire.testng.TestNGXmlTestSuite.execute(TestNGXmlTestSuite.java:71)<br />
              org.apache.maven.surefire.testng.TestNGProvider.invoke(TestNGProvider.java:113)<br />
              org.apache.maven.surefire.booter.ForkedBooter.runSuitesInProcess(ForkedBooter.java:385)<br />
              org.apache.maven.surefire.booter.ForkedBooter.execute(ForkedBooter.java:162)<br />
              org.apache.maven.surefire.booter.ForkedBooter.run(ForkedBooter.java:507)<br />
              org.apache.maven.surefire.booter.ForkedBooter.main(ForkedBooter.java:495)<br />
                </div>
      </td>
</tr>
      </table>


  <table class="resultsTable">
    <tr><th colspan="3" class="header passed">Passed Tests</th></tr>
          <tr>
        <td colspan="3" class="group">TestCases.BankManagerTest</td>
      </tr>
            
<tr>
  <td class="method">
                  addCust
      </td>
  <td class="duration">
    1.841s
  </td>
  <td class="result">
        
          <i>Method arguments: </i><span class="arguments">"Test3", "lname4", "1003"</span><br />
    
        

      </td>
</tr>
<tr>
  <td class="method">
                  addCust
      </td>
  <td class="duration">
    2.125s
  </td>
  <td class="result">
        
          <i>Method arguments: </i><span class="arguments">"Test2", "lname3", "1002"</span><br />
    
        

      </td>
</tr>
<tr>
  <td class="method">
                  addCust
      </td>
  <td class="duration">
    2.207s
  </td>
  <td class="result">
        
          <i>Method arguments: </i><span class="arguments">"Test4", "lname5", "1004"</span><br />
    
        

      </td>
</tr>
<tr>
  <td class="method">
                  addCust
      </td>
  <td class="duration">
    2.173s
  </td>
  <td class="result">
        
          <i>Method arguments: </i><span class="arguments">"Test1", "lname1", "1001"</span><br />
    
        

      </td>
</tr>
<tr>
  <td class="method">
                  addCust
      </td>
  <td class="duration">
    1.802s
  </td>
  <td class="result">
        
          <i>Method arguments: </i><span class="arguments">"Test", "lname", "1000"</span><br />
    
        

      </td>
</tr>
<tr>
  <td class="method">
                  checkDeleteButton
      </td>
  <td class="duration">
    1.927s
  </td>
  <td class="result">
        
    
        

      </td>
</tr>
<tr>
  <td class="method">
                  custDetails
      </td>
  <td class="duration">
    1.569s
  </td>
  <td class="result">
        
          <i>Method arguments: </i><span class="arguments">"Last Name"</span><br />
    
        

      </td>
</tr>
<tr>
  <td class="method">
                  custDetails
      </td>
  <td class="duration">
    2.797s
  </td>
  <td class="result">
        
          <i>Method arguments: </i><span class="arguments">"Delete Customer"</span><br />
    
        

      </td>
</tr>
<tr>
  <td class="method">
                  custDetails
      </td>
  <td class="duration">
    1.715s
  </td>
  <td class="result">
        
          <i>Method arguments: </i><span class="arguments">"Post Code"</span><br />
    
        

      </td>
</tr>
<tr>
  <td class="method">
                  custDetails
      </td>
  <td class="duration">
    2.124s
  </td>
  <td class="result">
        
          <i>Method arguments: </i><span class="arguments">"First Name"</span><br />
    
        

      </td>
</tr>
<tr>
  <td class="method">
                  custDetails
      </td>
  <td class="duration">
    1.574s
  </td>
  <td class="result">
        
          <i>Method arguments: </i><span class="arguments">"Account Number"</span><br />
    
        

      </td>
</tr>
<tr>
  <td class="method">
                  openAccount
      </td>
  <td class="duration">
    1.876s
  </td>
  <td class="result">
        
          <i>Method arguments: </i><span class="arguments">"Albus Dumbledore"</span><br />
    
        

      </td>
</tr>
<tr>
  <td class="method">
                  openAccount
      </td>
  <td class="duration">
    2.251s
  </td>
  <td class="result">
        
          <i>Method arguments: </i><span class="arguments">"Harry Potter"</span><br />
    
        

      </td>
</tr>
<tr>
  <td class="method">
                  openAccount
      </td>
  <td class="duration">
    2.155s
  </td>
  <td class="result">
        
          <i>Method arguments: </i><span class="arguments">"Hermoine Granger"</span><br />
    
        

      </td>
</tr>
<tr>
  <td class="method">
                  openAccount
      </td>
  <td class="duration">
    1.773s
  </td>
  <td class="result">
        
          <i>Method arguments: </i><span class="arguments">"Neville Longbottom"</span><br />
    
        

      </td>
</tr>
<tr>
  <td class="method">
                  openAccount
      </td>
  <td class="duration">
    1.805s
  </td>
  <td class="result">
        
          <i>Method arguments: </i><span class="arguments">"Ron Weasly"</span><br />
    
        

      </td>
</tr>
<tr>
  <td class="method">
                  placeHolderTest
      </td>
  <td class="duration">
    1.909s
  </td>
  <td class="result">
        
    
        

      </td>
</tr>
          <tr>
        <td colspan="3" class="group">TestCases.CustLoginTest</td>
      </tr>
            
<tr>
  <td class="method">
                  TransactionBackButttonTest
      </td>
  <td class="duration">
    3.775s
  </td>
  <td class="result">
        
          <i>Method arguments: </i><span class="arguments">"Hermoine Granger"</span><br />
    
        

      </td>
</tr>
<tr>
  <td class="method">
                  TransactionBackButttonTest
      </td>
  <td class="duration">
    3.458s
  </td>
  <td class="result">
        
          <i>Method arguments: </i><span class="arguments">"Ron Weasly"</span><br />
    
        

      </td>
</tr>
<tr>
  <td class="method">
                  TransactionBackButttonTest
      </td>
  <td class="duration">
    3.653s
  </td>
  <td class="result">
        
          <i>Method arguments: </i><span class="arguments">"Albus Dumbledore"</span><br />
    
        

      </td>
</tr>
<tr>
  <td class="method">
                  TransactionBackButttonTest
      </td>
  <td class="duration">
    3.906s
  </td>
  <td class="result">
        
          <i>Method arguments: </i><span class="arguments">"Neville Longbottom"</span><br />
    
        

      </td>
</tr>
<tr>
  <td class="method">
                  TransactionBackButttonTest
      </td>
  <td class="duration">
    3.772s
  </td>
  <td class="result">
        
          <i>Method arguments: </i><span class="arguments">"Harry Potter"</span><br />
    
        

      </td>
</tr>
<tr>
  <td class="method">
                  afterLoginPageTest
      </td>
  <td class="duration">
    2.468s
  </td>
  <td class="result">
        
          <i>Method arguments: </i><span class="arguments">"Albus Dumbledore"</span><br />
    
        

      </td>
</tr>
<tr>
  <td class="method">
                  afterLoginPageTest
      </td>
  <td class="duration">
    2.745s
  </td>
  <td class="result">
        
          <i>Method arguments: </i><span class="arguments">"Neville Longbottom"</span><br />
    
        

      </td>
</tr>
<tr>
  <td class="method">
                  afterLoginPageTest
      </td>
  <td class="duration">
    2.244s
  </td>
  <td class="result">
        
          <i>Method arguments: </i><span class="arguments">"Hermoine Granger"</span><br />
    
        

      </td>
</tr>
<tr>
  <td class="method">
                  afterLoginPageTest
      </td>
  <td class="duration">
    2.269s
  </td>
  <td class="result">
        
          <i>Method arguments: </i><span class="arguments">"Ron Weasly"</span><br />
    
        

      </td>
</tr>
<tr>
  <td class="method">
                  afterLoginPageTest
      </td>
  <td class="duration">
    2.284s
  </td>
  <td class="result">
        
          <i>Method arguments: </i><span class="arguments">"Harry Potter"</span><br />
    
        

      </td>
</tr>
<tr>
  <td class="method">
                  checkCustomerButton
      </td>
  <td class="duration">
    0.711s
  </td>
  <td class="result">
        
    
        

      </td>
</tr>
<tr>
  <td class="method">
                  depositTest
      </td>
  <td class="duration">
    4.219s
  </td>
  <td class="result">
        
          <i>Method arguments: </i><span class="arguments">"Neville Longbottom"</span><br />
    
        

      </td>
</tr>
<tr>
  <td class="method">
                  depositTest
      </td>
  <td class="duration">
    4.819s
  </td>
  <td class="result">
        
          <i>Method arguments: </i><span class="arguments">"Harry Potter"</span><br />
    
        

      </td>
</tr>
<tr>
  <td class="method">
                  depositTest
      </td>
  <td class="duration">
    4.655s
  </td>
  <td class="result">
        
          <i>Method arguments: </i><span class="arguments">"Albus Dumbledore"</span><br />
    
        

      </td>
</tr>
<tr>
  <td class="method">
                  depositTest
      </td>
  <td class="duration">
    4.397s
  </td>
  <td class="result">
        
          <i>Method arguments: </i><span class="arguments">"Hermoine Granger"</span><br />
    
        

      </td>
</tr>
<tr>
  <td class="method">
                  depositTest
      </td>
  <td class="duration">
    4.384s
  </td>
  <td class="result">
        
          <i>Method arguments: </i><span class="arguments">"Ron Weasly"</span><br />
    
        

      </td>
</tr>
<tr>
  <td class="method">
                  drpDownNamesTest
      </td>
  <td class="duration">
    0.854s
  </td>
  <td class="result">
        
    
        

      </td>
</tr>
<tr>
  <td class="method">
                  drpDownSizeTest
      </td>
  <td class="duration">
    0.807s
  </td>
  <td class="result">
        
    
        

      </td>
</tr>
<tr>
  <td class="method">
                  drpdownNameSelectionTest
      </td>
  <td class="duration">
    3.762s
  </td>
  <td class="result">
        
    
        

      </td>
</tr>
<tr>
  <td class="method">
                  transactionTableTest
      </td>
  <td class="duration">
    3.198s
  </td>
  <td class="result">
        
          <i>Method arguments: </i><span class="arguments">"Ron Weasly"</span><br />
    
        

      </td>
</tr>
<tr>
  <td class="method">
                  transactionTableTest
      </td>
  <td class="duration">
    3.512s
  </td>
  <td class="result">
        
          <i>Method arguments: </i><span class="arguments">"Hermoine Granger"</span><br />
    
        

      </td>
</tr>
<tr>
  <td class="method">
                  transactionTableTest
      </td>
  <td class="duration">
    3.141s
  </td>
  <td class="result">
        
          <i>Method arguments: </i><span class="arguments">"Neville Longbottom"</span><br />
    
        

      </td>
</tr>
<tr>
  <td class="method">
                  transactionTableTest
      </td>
  <td class="duration">
    3.690s
  </td>
  <td class="result">
        
          <i>Method arguments: </i><span class="arguments">"Albus Dumbledore"</span><br />
    
        

      </td>
</tr>
<tr>
  <td class="method">
                  transactionTableTest
      </td>
  <td class="duration">
    3.738s
  </td>
  <td class="result">
        
          <i>Method arguments: </i><span class="arguments">"Harry Potter"</span><br />
    
        

      </td>
</tr>
<tr>
  <td class="method">
                  withdrawTest
      </td>
  <td class="duration">
    4.619s
  </td>
  <td class="result">
        
          <i>Method arguments: </i><span class="arguments">"Harry Potter"</span><br />
    
        

      </td>
</tr>
<tr>
  <td class="method">
                  withdrawTest
      </td>
  <td class="duration">
    5.318s
  </td>
  <td class="result">
        
          <i>Method arguments: </i><span class="arguments">"Ron Weasly"</span><br />
    
        

      </td>
</tr>
<tr>
  <td class="method">
                  withdrawTest
      </td>
  <td class="duration">
    5.427s
  </td>
  <td class="result">
        
          <i>Method arguments: </i><span class="arguments">"Albus Dumbledore"</span><br />
    
        

      </td>
</tr>
<tr>
  <td class="method">
                  withdrawTest
      </td>
  <td class="duration">
    5.373s
  </td>
  <td class="result">
        
          <i>Method arguments: </i><span class="arguments">"Neville Longbottom"</span><br />
    
        

      </td>
</tr>
<tr>
  <td class="method">
                  withdrawTest
      </td>
  <td class="duration">
    4.651s
  </td>
  <td class="result">
        
          <i>Method arguments: </i><span class="arguments">"Hermoine Granger"</span><br />
    
        

      </td>
</tr>
          <tr>
        <td colspan="3" class="group">TestCases.HomePageTest</td>
      </tr>
            
<tr>
  <td class="method">
                  buttonsCheck
      </td>
  <td class="duration">
    0.200s
  </td>
  <td class="result">
        
    
        

      </td>
</tr>
<tr>
  <td class="method">
                  custLogin
      </td>
  <td class="duration">
    0.689s
  </td>
  <td class="result">
        
    
        

      </td>
</tr>
<tr>
  <td class="method">
                  home
      </td>
  <td class="duration">
    0.127s
  </td>
  <td class="result">
        
    
        

      </td>
</tr>
<tr>
  <td class="method">
                  lifeTimeMembership
      </td>
  <td class="duration">
    1.408s
  </td>
  <td class="result">
        
    
        

      </td>
</tr>
<tr>
  <td class="method">
                  mngrLogin
      </td>
  <td class="duration">
    0.741s
  </td>
  <td class="result">
        
    
        

      </td>
</tr>
          <tr>
        <td colspan="3" class="group">TestCases.SampleFormTest</td>
      </tr>
            
<tr>
  <td class="method">
                  valueTest
      </td>
  <td class="duration">
    2.011s
  </td>
  <td class="result">
        
          <i>Method arguments: </i><span class="arguments">"Test2", "Singh", "Tata@test.com", "Tata Cars", "male"</span><br />
    
        

      </td>
</tr>
<tr>
  <td class="method">
                  valueTest
      </td>
  <td class="duration">
    2.562s
  </td>
  <td class="result">
        
          <i>Method arguments: </i><span class="arguments">"Test1", "Kumar", "Audi@test.com", "Audi Cars", "female"</span><br />
    
        

      </td>
</tr>
<tr>
  <td class="method">
                  valueTest
      </td>
  <td class="duration">
    2.322s
  </td>
  <td class="result">
        
          <i>Method arguments: </i><span class="arguments">"Honey", "Suri", "BMW@test.com", "BMW Cars", "male"</span><br />
    
        

      </td>
</tr>
      </table>
  
</body>
</html>
