<?xml version="1.0" encoding="UTF-8"?>
<testsuite xmlns:xsi="http://www.w3.org/2001/XMLSchema-instance" xsi:noNamespaceSchemaLocation="https://maven.apache.org/surefire/maven-surefire-plugin/xsd/surefire-test-report.xsd" version="3.0.2" name="TestSuite" time="1566.143" tests="112" errors="0" skipped="0" failures="3">
  <properties>
    <property name="java.specification.version" value="21"/>
    <property name="sun.cpu.isalist" value="amd64"/>
    <property name="sun.jnu.encoding" value="Cp1252"/>
    <property name="java.class.path" value="D:\Document\Default Location\PageObjectBank\target\test-classes;D:\Document\Default Location\PageObjectBank\target\classes;C:\Users\huneep.suri\.m2\repository\org\seleniumhq\selenium\selenium-java\4.35.0\selenium-java-4.35.0.jar;C:\Users\huneep.suri\.m2\repository\org\seleniumhq\selenium\selenium-api\4.35.0\selenium-api-4.35.0.jar;C:\Users\huneep.suri\.m2\repository\org\jspecify\jspecify\1.0.0\jspecify-1.0.0.jar;C:\Users\huneep.suri\.m2\repository\org\seleniumhq\selenium\selenium-chrome-driver\4.35.0\selenium-chrome-driver-4.35.0.jar;C:\Users\huneep.suri\.m2\repository\com\google\auto\service\auto-service-annotations\1.1.1\auto-service-annotations-1.1.1.jar;C:\Users\huneep.suri\.m2\repository\org\seleniumhq\selenium\selenium-chromium-driver\4.35.0\selenium-chromium-driver-4.35.0.jar;C:\Users\huneep.suri\.m2\repository\org\seleniumhq\selenium\selenium-json\4.35.0\selenium-json-4.35.0.jar;C:\Users\huneep.suri\.m2\repository\org\seleniumhq\selenium\selenium-manager\4.35.0\selenium-manager-4.35.0.jar;C:\Users\huneep.suri\.m2\repository\org\seleniumhq\selenium\selenium-devtools-v137\4.35.0\selenium-devtools-v137-4.35.0.jar;C:\Users\huneep.suri\.m2\repository\org\seleniumhq\selenium\selenium-devtools-v138\4.35.0\selenium-devtools-v138-4.35.0.jar;C:\Users\huneep.suri\.m2\repository\org\seleniumhq\selenium\selenium-devtools-v139\4.35.0\selenium-devtools-v139-4.35.0.jar;C:\Users\huneep.suri\.m2\repository\org\seleniumhq\selenium\selenium-edge-driver\4.35.0\selenium-edge-driver-4.35.0.jar;C:\Users\huneep.suri\.m2\repository\org\seleniumhq\selenium\selenium-firefox-driver\4.35.0\selenium-firefox-driver-4.35.0.jar;C:\Users\huneep.suri\.m2\repository\org\seleniumhq\selenium\selenium-http\4.35.0\selenium-http-4.35.0.jar;C:\Users\huneep.suri\.m2\repository\org\seleniumhq\selenium\selenium-ie-driver\4.35.0\selenium-ie-driver-4.35.0.jar;C:\Users\huneep.suri\.m2\repository\org\seleniumhq\selenium\selenium-remote-driver\4.35.0\selenium-remote-driver-4.35.0.jar;C:\Users\huneep.suri\.m2\repository\io\opentelemetry\opentelemetry-api\1.53.0\opentelemetry-api-1.53.0.jar;C:\Users\huneep.suri\.m2\repository\io\opentelemetry\opentelemetry-context\1.53.0\opentelemetry-context-1.53.0.jar;C:\Users\huneep.suri\.m2\repository\io\opentelemetry\opentelemetry-common\1.53.0\opentelemetry-common-1.53.0.jar;C:\Users\huneep.suri\.m2\repository\io\opentelemetry\opentelemetry-exporter-logging\1.53.0\opentelemetry-exporter-logging-1.53.0.jar;C:\Users\huneep.suri\.m2\repository\io\opentelemetry\opentelemetry-sdk-common\1.53.0\opentelemetry-sdk-common-1.53.0.jar;C:\Users\huneep.suri\.m2\repository\io\opentelemetry\opentelemetry-sdk-extension-autoconfigure-spi\1.53.0\opentelemetry-sdk-extension-autoconfigure-spi-1.53.0.jar;C:\Users\huneep.suri\.m2\repository\io\opentelemetry\opentelemetry-sdk-extension-autoconfigure\1.53.0\opentelemetry-sdk-extension-autoconfigure-1.53.0.jar;C:\Users\huneep.suri\.m2\repository\io\opentelemetry\opentelemetry-sdk-trace\1.53.0\opentelemetry-sdk-trace-1.53.0.jar;C:\Users\huneep.suri\.m2\repository\io\opentelemetry\opentelemetry-sdk\1.53.0\opentelemetry-sdk-1.53.0.jar;C:\Users\huneep.suri\.m2\repository\io\opentelemetry\opentelemetry-sdk-metrics\1.53.0\opentelemetry-sdk-metrics-1.53.0.jar;C:\Users\huneep.suri\.m2\repository\io\opentelemetry\opentelemetry-sdk-logs\1.53.0\opentelemetry-sdk-logs-1.53.0.jar;C:\Users\huneep.suri\.m2\repository\net\bytebuddy\byte-buddy\1.17.6\byte-buddy-1.17.6.jar;C:\Users\huneep.suri\.m2\repository\org\seleniumhq\selenium\selenium-os\4.35.0\selenium-os-4.35.0.jar;C:\Users\huneep.suri\.m2\repository\org\apache\commons\commons-exec\1.5.0\commons-exec-1.5.0.jar;C:\Users\huneep.suri\.m2\repository\org\seleniumhq\selenium\selenium-safari-driver\4.35.0\selenium-safari-driver-4.35.0.jar;C:\Users\huneep.suri\.m2\repository\org\seleniumhq\selenium\selenium-support\4.35.0\selenium-support-4.35.0.jar;C:\Users\huneep.suri\.m2\repository\log4j\log4j\1.2.17\log4j-1.2.17.jar;C:\Users\huneep.suri\.m2\repository\org\apache\logging\log4j\log4j-api\2.25.1\log4j-api-2.25.1.jar;C:\Users\huneep.suri\.m2\repository\org\apache\logging\log4j\log4j-core\2.25.1\log4j-core-2.25.1.jar;C:\Users\huneep.suri\.m2\repository\org\apache\poi\poi\5.4.0\poi-5.4.0.jar;C:\Users\huneep.suri\.m2\repository\commons-codec\commons-codec\1.17.1\commons-codec-1.17.1.jar;C:\Users\huneep.suri\.m2\repository\org\apache\commons\commons-collections4\4.4\commons-collections4-4.4.jar;C:\Users\huneep.suri\.m2\repository\org\apache\commons\commons-math3\3.6.1\commons-math3-3.6.1.jar;C:\Users\huneep.suri\.m2\repository\commons-io\commons-io\2.18.0\commons-io-2.18.0.jar;C:\Users\huneep.suri\.m2\repository\com\zaxxer\SparseBitSet\1.3\SparseBitSet-1.3.jar;C:\Users\huneep.suri\.m2\repository\org\apache\poi\poi-ooxml\5.4.0\poi-ooxml-5.4.0.jar;C:\Users\huneep.suri\.m2\repository\org\apache\poi\poi-ooxml-lite\5.4.0\poi-ooxml-lite-5.4.0.jar;C:\Users\huneep.suri\.m2\repository\org\apache\xmlbeans\xmlbeans\5.3.0\xmlbeans-5.3.0.jar;C:\Users\huneep.suri\.m2\repository\org\apache\commons\commons-compress\1.27.1\commons-compress-1.27.1.jar;C:\Users\huneep.suri\.m2\repository\org\apache\commons\commons-lang3\3.16.0\commons-lang3-3.16.0.jar;C:\Users\huneep.suri\.m2\repository\com\github\virtuald\curvesapi\1.08\curvesapi-1.08.jar;C:\Users\huneep.suri\.m2\repository\org\testng\testng\7.11.0\testng-7.11.0.jar;C:\Users\huneep.suri\.m2\repository\org\slf4j\slf4j-api\2.0.16\slf4j-api-2.0.16.jar;C:\Users\huneep.suri\.m2\repository\org\jcommander\jcommander\1.83\jcommander-1.83.jar;C:\Users\huneep.suri\.m2\repository\org\webjars\jquery\3.7.1\jquery-3.7.1.jar;C:\Users\huneep.suri\.m2\repository\com\google\inject\guice\7.0.0\guice-7.0.0.jar;C:\Users\huneep.suri\.m2\repository\jakarta\inject\jakarta.inject-api\2.0.1\jakarta.inject-api-2.0.1.jar;C:\Users\huneep.suri\.m2\repository\aopalliance\aopalliance\1.0\aopalliance-1.0.jar;C:\Users\huneep.suri\.m2\repository\com\google\guava\guava\31.0.1-jre\guava-31.0.1-jre.jar;C:\Users\huneep.suri\.m2\repository\com\google\guava\failureaccess\1.0.1\failureaccess-1.0.1.jar;C:\Users\huneep.suri\.m2\repository\com\google\guava\listenablefuture\9999.0-empty-to-avoid-conflict-with-guava\listenablefuture-9999.0-empty-to-avoid-conflict-with-guava.jar;C:\Users\huneep.suri\.m2\repository\com\google\code\findbugs\jsr305\3.0.2\jsr305-3.0.2.jar;C:\Users\huneep.suri\.m2\repository\org\checkerframework\checker-qual\3.12.0\checker-qual-3.12.0.jar;C:\Users\huneep.suri\.m2\repository\com\google\errorprone\error_prone_annotations\2.7.1\error_prone_annotations-2.7.1.jar;C:\Users\huneep.suri\.m2\repository\com\google\j2objc\j2objc-annotations\1.3\j2objc-annotations-1.3.jar;C:\Users\huneep.suri\.m2\repository\org\uncommons\reportng\1.1.4\reportng-1.1.4.jar;C:\Users\huneep.suri\.m2\repository\velocity\velocity\1.4\velocity-1.4.jar;C:\Users\huneep.suri\.m2\repository\velocity\velocity-dep\1.4\velocity-dep-1.4.jar;C:\Users\huneep.suri\.m2\repository\com\aventstack\extentreports\5.1.2\extentreports-5.1.2.jar;C:\Users\huneep.suri\.m2\repository\io\reactivex\rxjava3\rxjava\3.1.6\rxjava-3.1.6.jar;C:\Users\huneep.suri\.m2\repository\org\reactivestreams\reactive-streams\1.0.4\reactive-streams-1.0.4.jar;C:\Users\huneep.suri\.m2\repository\org\freemarker\freemarker\2.3.32\freemarker-2.3.32.jar;C:\Users\huneep.suri\.m2\repository\org\projectlombok\lombok\1.18.26\lombok-1.18.26.jar;C:\Users\huneep.suri\.m2\repository\com\google\code\gson\gson\2.10.1\gson-2.10.1.jar;C:\Users\huneep.suri\.m2\repository\ch\qos\logback\logback-classic\1.4.14\logback-classic-1.4.14.jar;C:\Users\huneep.suri\.m2\repository\ch\qos\logback\logback-core\1.4.14\logback-core-1.4.14.jar;"/>
    <property name="java.vm.vendor" value="Oracle Corporation"/>
    <property name="sun.arch.data.model" value="64"/>
    <property name="user.variant" value=""/>
    <property name="java.vendor.url" value="https://java.oracle.com/"/>
    <property name="user.timezone" value="Asia/Calcutta"/>
    <property name="os.name" value="Windows 11"/>
    <property name="java.vm.specification.version" value="21"/>
    <property name="sun.java.launcher" value="SUN_STANDARD"/>
    <property name="user.country" value="IN"/>
    <property name="sun.boot.library.path" value="C:\Program Files\Java\jdk-21\bin"/>
    <property name="sun.java.command" value="C:\Users\huneep.suri\AppData\Local\Temp\surefire4280510999334068041\surefirebooter-20250910184519374_3.jar C:\Users\huneep.suri\AppData\Local\Temp\surefire4280510999334068041 2025-09-10T18-45-18_992-jvmRun1 surefire-20250910184519374_1tmp surefire_0-20250910184519374_2tmp"/>
    <property name="jdk.debug" value="release"/>
    <property name="surefire.test.class.path" value="D:\Document\Default Location\PageObjectBank\target\test-classes;D:\Document\Default Location\PageObjectBank\target\classes;C:\Users\huneep.suri\.m2\repository\org\seleniumhq\selenium\selenium-java\4.35.0\selenium-java-4.35.0.jar;C:\Users\huneep.suri\.m2\repository\org\seleniumhq\selenium\selenium-api\4.35.0\selenium-api-4.35.0.jar;C:\Users\huneep.suri\.m2\repository\org\jspecify\jspecify\1.0.0\jspecify-1.0.0.jar;C:\Users\huneep.suri\.m2\repository\org\seleniumhq\selenium\selenium-chrome-driver\4.35.0\selenium-chrome-driver-4.35.0.jar;C:\Users\huneep.suri\.m2\repository\com\google\auto\service\auto-service-annotations\1.1.1\auto-service-annotations-1.1.1.jar;C:\Users\huneep.suri\.m2\repository\org\seleniumhq\selenium\selenium-chromium-driver\4.35.0\selenium-chromium-driver-4.35.0.jar;C:\Users\huneep.suri\.m2\repository\org\seleniumhq\selenium\selenium-json\4.35.0\selenium-json-4.35.0.jar;C:\Users\huneep.suri\.m2\repository\org\seleniumhq\selenium\selenium-manager\4.35.0\selenium-manager-4.35.0.jar;C:\Users\huneep.suri\.m2\repository\org\seleniumhq\selenium\selenium-devtools-v137\4.35.0\selenium-devtools-v137-4.35.0.jar;C:\Users\huneep.suri\.m2\repository\org\seleniumhq\selenium\selenium-devtools-v138\4.35.0\selenium-devtools-v138-4.35.0.jar;C:\Users\huneep.suri\.m2\repository\org\seleniumhq\selenium\selenium-devtools-v139\4.35.0\selenium-devtools-v139-4.35.0.jar;C:\Users\huneep.suri\.m2\repository\org\seleniumhq\selenium\selenium-edge-driver\4.35.0\selenium-edge-driver-4.35.0.jar;C:\Users\huneep.suri\.m2\repository\org\seleniumhq\selenium\selenium-firefox-driver\4.35.0\selenium-firefox-driver-4.35.0.jar;C:\Users\huneep.suri\.m2\repository\org\seleniumhq\selenium\selenium-http\4.35.0\selenium-http-4.35.0.jar;C:\Users\huneep.suri\.m2\repository\org\seleniumhq\selenium\selenium-ie-driver\4.35.0\selenium-ie-driver-4.35.0.jar;C:\Users\huneep.suri\.m2\repository\org\seleniumhq\selenium\selenium-remote-driver\4.35.0\selenium-remote-driver-4.35.0.jar;C:\Users\huneep.suri\.m2\repository\io\opentelemetry\opentelemetry-api\1.53.0\opentelemetry-api-1.53.0.jar;C:\Users\huneep.suri\.m2\repository\io\opentelemetry\opentelemetry-context\1.53.0\opentelemetry-context-1.53.0.jar;C:\Users\huneep.suri\.m2\repository\io\opentelemetry\opentelemetry-common\1.53.0\opentelemetry-common-1.53.0.jar;C:\Users\huneep.suri\.m2\repository\io\opentelemetry\opentelemetry-exporter-logging\1.53.0\opentelemetry-exporter-logging-1.53.0.jar;C:\Users\huneep.suri\.m2\repository\io\opentelemetry\opentelemetry-sdk-common\1.53.0\opentelemetry-sdk-common-1.53.0.jar;C:\Users\huneep.suri\.m2\repository\io\opentelemetry\opentelemetry-sdk-extension-autoconfigure-spi\1.53.0\opentelemetry-sdk-extension-autoconfigure-spi-1.53.0.jar;C:\Users\huneep.suri\.m2\repository\io\opentelemetry\opentelemetry-sdk-extension-autoconfigure\1.53.0\opentelemetry-sdk-extension-autoconfigure-1.53.0.jar;C:\Users\huneep.suri\.m2\repository\io\opentelemetry\opentelemetry-sdk-trace\1.53.0\opentelemetry-sdk-trace-1.53.0.jar;C:\Users\huneep.suri\.m2\repository\io\opentelemetry\opentelemetry-sdk\1.53.0\opentelemetry-sdk-1.53.0.jar;C:\Users\huneep.suri\.m2\repository\io\opentelemetry\opentelemetry-sdk-metrics\1.53.0\opentelemetry-sdk-metrics-1.53.0.jar;C:\Users\huneep.suri\.m2\repository\io\opentelemetry\opentelemetry-sdk-logs\1.53.0\opentelemetry-sdk-logs-1.53.0.jar;C:\Users\huneep.suri\.m2\repository\net\bytebuddy\byte-buddy\1.17.6\byte-buddy-1.17.6.jar;C:\Users\huneep.suri\.m2\repository\org\seleniumhq\selenium\selenium-os\4.35.0\selenium-os-4.35.0.jar;C:\Users\huneep.suri\.m2\repository\org\apache\commons\commons-exec\1.5.0\commons-exec-1.5.0.jar;C:\Users\huneep.suri\.m2\repository\org\seleniumhq\selenium\selenium-safari-driver\4.35.0\selenium-safari-driver-4.35.0.jar;C:\Users\huneep.suri\.m2\repository\org\seleniumhq\selenium\selenium-support\4.35.0\selenium-support-4.35.0.jar;C:\Users\huneep.suri\.m2\repository\log4j\log4j\1.2.17\log4j-1.2.17.jar;C:\Users\huneep.suri\.m2\repository\org\apache\logging\log4j\log4j-api\2.25.1\log4j-api-2.25.1.jar;C:\Users\huneep.suri\.m2\repository\org\apache\logging\log4j\log4j-core\2.25.1\log4j-core-2.25.1.jar;C:\Users\huneep.suri\.m2\repository\org\apache\poi\poi\5.4.0\poi-5.4.0.jar;C:\Users\huneep.suri\.m2\repository\commons-codec\commons-codec\1.17.1\commons-codec-1.17.1.jar;C:\Users\huneep.suri\.m2\repository\org\apache\commons\commons-collections4\4.4\commons-collections4-4.4.jar;C:\Users\huneep.suri\.m2\repository\org\apache\commons\commons-math3\3.6.1\commons-math3-3.6.1.jar;C:\Users\huneep.suri\.m2\repository\commons-io\commons-io\2.18.0\commons-io-2.18.0.jar;C:\Users\huneep.suri\.m2\repository\com\zaxxer\SparseBitSet\1.3\SparseBitSet-1.3.jar;C:\Users\huneep.suri\.m2\repository\org\apache\poi\poi-ooxml\5.4.0\poi-ooxml-5.4.0.jar;C:\Users\huneep.suri\.m2\repository\org\apache\poi\poi-ooxml-lite\5.4.0\poi-ooxml-lite-5.4.0.jar;C:\Users\huneep.suri\.m2\repository\org\apache\xmlbeans\xmlbeans\5.3.0\xmlbeans-5.3.0.jar;C:\Users\huneep.suri\.m2\repository\org\apache\commons\commons-compress\1.27.1\commons-compress-1.27.1.jar;C:\Users\huneep.suri\.m2\repository\org\apache\commons\commons-lang3\3.16.0\commons-lang3-3.16.0.jar;C:\Users\huneep.suri\.m2\repository\com\github\virtuald\curvesapi\1.08\curvesapi-1.08.jar;C:\Users\huneep.suri\.m2\repository\org\testng\testng\7.11.0\testng-7.11.0.jar;C:\Users\huneep.suri\.m2\repository\org\slf4j\slf4j-api\2.0.16\slf4j-api-2.0.16.jar;C:\Users\huneep.suri\.m2\repository\org\jcommander\jcommander\1.83\jcommander-1.83.jar;C:\Users\huneep.suri\.m2\repository\org\webjars\jquery\3.7.1\jquery-3.7.1.jar;C:\Users\huneep.suri\.m2\repository\com\google\inject\guice\7.0.0\guice-7.0.0.jar;C:\Users\huneep.suri\.m2\repository\jakarta\inject\jakarta.inject-api\2.0.1\jakarta.inject-api-2.0.1.jar;C:\Users\huneep.suri\.m2\repository\aopalliance\aopalliance\1.0\aopalliance-1.0.jar;C:\Users\huneep.suri\.m2\repository\com\google\guava\guava\31.0.1-jre\guava-31.0.1-jre.jar;C:\Users\huneep.suri\.m2\repository\com\google\guava\failureaccess\1.0.1\failureaccess-1.0.1.jar;C:\Users\huneep.suri\.m2\repository\com\google\guava\listenablefuture\9999.0-empty-to-avoid-conflict-with-guava\listenablefuture-9999.0-empty-to-avoid-conflict-with-guava.jar;C:\Users\huneep.suri\.m2\repository\com\google\code\findbugs\jsr305\3.0.2\jsr305-3.0.2.jar;C:\Users\huneep.suri\.m2\repository\org\checkerframework\checker-qual\3.12.0\checker-qual-3.12.0.jar;C:\Users\huneep.suri\.m2\repository\com\google\errorprone\error_prone_annotations\2.7.1\error_prone_annotations-2.7.1.jar;C:\Users\huneep.suri\.m2\repository\com\google\j2objc\j2objc-annotations\1.3\j2objc-annotations-1.3.jar;C:\Users\huneep.suri\.m2\repository\org\uncommons\reportng\1.1.4\reportng-1.1.4.jar;C:\Users\huneep.suri\.m2\repository\velocity\velocity\1.4\velocity-1.4.jar;C:\Users\huneep.suri\.m2\repository\velocity\velocity-dep\1.4\velocity-dep-1.4.jar;C:\Users\huneep.suri\.m2\repository\com\aventstack\extentreports\5.1.2\extentreports-5.1.2.jar;C:\Users\huneep.suri\.m2\repository\io\reactivex\rxjava3\rxjava\3.1.6\rxjava-3.1.6.jar;C:\Users\huneep.suri\.m2\repository\org\reactivestreams\reactive-streams\1.0.4\reactive-streams-1.0.4.jar;C:\Users\huneep.suri\.m2\repository\org\freemarker\freemarker\2.3.32\freemarker-2.3.32.jar;C:\Users\huneep.suri\.m2\repository\org\projectlombok\lombok\1.18.26\lombok-1.18.26.jar;C:\Users\huneep.suri\.m2\repository\com\google\code\gson\gson\2.10.1\gson-2.10.1.jar;C:\Users\huneep.suri\.m2\repository\ch\qos\logback\logback-classic\1.4.14\logback-classic-1.4.14.jar;C:\Users\huneep.suri\.m2\repository\ch\qos\logback\logback-core\1.4.14\logback-core-1.4.14.jar;"/>
    <property name="sun.cpu.endian" value="little"/>
    <property name="user.home" value="C:\Users\huneep.suri"/>
    <property name="user.language" value="en"/>
    <property name="java.specification.vendor" value="Oracle Corporation"/>
    <property name="java.version.date" value="2025-07-15"/>
    <property name="java.home" value="C:\Program Files\Java\jdk-21"/>
    <property name="file.separator" value="\"/>
    <property name="basedir" value="D:\Document\Default Location\PageObjectBank"/>
    <property name="java.vm.compressedOopsMode" value="Zero based"/>
    <property name="line.separator" value="&#10;"/>
    <property name="java.vm.specification.vendor" value="Oracle Corporation"/>
    <property name="java.specification.name" value="Java Platform API Specification"/>
    <property name="surefire.real.class.path" value="C:\Users\huneep.suri\AppData\Local\Temp\surefire4280510999334068041\surefirebooter-20250910184519374_3.jar"/>
    <property name="user.script" value=""/>
    <property name="sun.management.compiler" value="HotSpot 64-Bit Tiered Compilers"/>
    <property name="java.runtime.version" value="21.0.8+12-LTS-250"/>
    <property name="user.name" value="huneep.suri"/>
    <property name="stdout.encoding" value="Cp1252"/>
    <property name="path.separator" value=";"/>
    <property name="os.version" value="10.0"/>
    <property name="java.runtime.name" value="Java(TM) SE Runtime Environment"/>
    <property name="file.encoding" value="UTF-8"/>
    <property name="java.vm.name" value="Java HotSpot(TM) 64-Bit Server VM"/>
    <property name="localRepository" value="C:\Users\huneep.suri\.m2\repository"/>
    <property name="java.vendor.url.bug" value="https://bugreport.java.com/bugreport/"/>
    <property name="java.io.tmpdir" value="C:\Users\HUNEEP~1.SUR\AppData\Local\Temp\"/>
    <property name="java.version" value="21.0.8"/>
    <property name="user.dir" value="D:\Document\Default Location\PageObjectBank"/>
    <property name="os.arch" value="amd64"/>
    <property name="java.vm.specification.name" value="Java Virtual Machine Specification"/>
    <property name="sun.os.patch.level" value=""/>
    <property name="native.encoding" value="Cp1252"/>
    <property name="java.library.path" value="C:\Program Files\Java\jdk-21\bin;C:\WINDOWS\Sun\Java\bin;C:\WINDOWS\system32;C:\WINDOWS;C:\Users\huneep.suri\.jenkins\tools\hudson.tasks.Maven_MavenInstallation\MAVEN_HOME/bin;C:\Program Files\Java\jdk-21/bin;C:\Program Files\Java\jdk-21/bin;C:\Program Files\Common Files\Oracle\Java\javapath;C:\Program Files (x86)\Common Files\Oracle\Java\java8path;C:\Program Files (x86)\Common Files\Oracle\Java\javapath;C:\Windows\system32;C:\Windows;C:\Windows\System32\Wbem;C:\Windows\System32\WindowsPowerShell\v1.0\;C:\Windows\System32\OpenSSH\;C:\WINDOWS\system32;C:\WINDOWS;C:\WINDOWS\System32\Wbem;C:\WINDOWS\System32\WindowsPowerShell\v1.0\;C:\WINDOWS\System32\OpenSSH\;C:\Program Files\dotnet\;C:\Program Files\Java\jdk-21\\bin;D:\Document\apache-maven-3.9.9-bin\apache-maven-3.9.9\bin;;C:\Program Files\NVIDIA Corporation\NVIDIA App\NvDLISR;C:\Users\huneep.suri\AppData\Local\Microsoft\WindowsApps;;."/>
    <property name="java.vm.info" value="mixed mode, sharing"/>
    <property name="stderr.encoding" value="Cp1252"/>
    <property name="java.vendor" value="Oracle Corporation"/>
    <property name="java.vm.version" value="21.0.8+12-LTS-250"/>
    <property name="sun.io.unicode.encoding" value="UnicodeLittle"/>
    <property name="java.class.version" value="65.0"/>
  </properties>
  <testcase name="valueTest[Honey, Suri, BMW@test.com, BMW Cars, male](1)" classname="TestCases.SampleFormTest" time="2.323">
    <system-out><![CDATA[18:45:20.898 [main] DEBUG org.testng.TestNG -- suiteXmlPath: "D:\Document\Default Location\PageObjectBank\testng.xml"
Test Suite Started
]]></system-out>
    <system-err><![CDATA[Sept 10, 2025 6:45:25 PM org.openqa.selenium.devtools.CdpVersionFinder findNearestMatch
WARNING: Unable to find an exact match for CDP version 140, returning the closest version; found: 139; Please update to a Selenium version that supports CDP version 140
Sept 10, 2025 6:45:30 PM org.openqa.selenium.devtools.CdpVersionFinder findNearestMatch
WARNING: Unable to find an exact match for CDP version 140, returning the closest version; found: 139; Please update to a Selenium version that supports CDP version 140
]]></system-err>
  </testcase>
  <testcase name="valueTest[Honey, Suri, BMW@test.com, BMW Cars, male](1)" classname="TestCases.SampleFormTest" time="1.696">
    <system-out><![CDATA[Test Suite Started
]]></system-out>
  </testcase>
  <testcase name="valueTest[Test1, Kumar, Audi@test.com, Audi Cars, female](2)" classname="TestCases.SampleFormTest" time="2.56">
    <system-err><![CDATA[Sept 10, 2025 6:45:36 PM org.openqa.selenium.devtools.CdpVersionFinder findNearestMatch
WARNING: Unable to find an exact match for CDP version 140, returning the closest version; found: 139; Please update to a Selenium version that supports CDP version 140
]]></system-err>
  </testcase>
  <testcase name="valueTest[Test1, Kumar, Audi@test.com, Audi Cars, female](2)" classname="TestCases.SampleFormTest" time="1.702"/>
  <testcase name="valueTest[Test2, Singh, Tata@test.com, Tata Cars, male](3)" classname="TestCases.SampleFormTest" time="2.011">
    <system-err><![CDATA[Sept 10, 2025 6:45:42 PM org.openqa.selenium.devtools.CdpVersionFinder findNearestMatch
WARNING: Unable to find an exact match for CDP version 140, returning the closest version; found: 139; Please update to a Selenium version that supports CDP version 140
]]></system-err>
  </testcase>
  <testcase name="valueTest[Test2, Singh, Tata@test.com, Tata Cars, male](3)" classname="TestCases.SampleFormTest" time="1.716"/>
  <testcase name="buttonsCheck" classname="TestCases.HomePageTest" time="0.201">
    <system-err><![CDATA[Sept 10, 2025 6:45:46 PM org.openqa.selenium.devtools.CdpVersionFinder findNearestMatch
WARNING: Unable to find an exact match for CDP version 140, returning the closest version; found: 139; Please update to a Selenium version that supports CDP version 140
]]></system-err>
  </testcase>
  <testcase name="buttonsCheck" classname="TestCases.HomePageTest" time="0.335"/>
  <testcase name="custLogin" classname="TestCases.HomePageTest" time="0.69">
    <system-err><![CDATA[Sept 10, 2025 6:45:50 PM org.openqa.selenium.devtools.CdpVersionFinder findNearestMatch
WARNING: Unable to find an exact match for CDP version 140, returning the closest version; found: 139; Please update to a Selenium version that supports CDP version 140
]]></system-err>
  </testcase>
  <testcase name="custLogin" classname="TestCases.HomePageTest" time="0.766"/>
  <testcase name="home" classname="TestCases.HomePageTest" time="0.127">
    <system-err><![CDATA[Sept 10, 2025 6:45:53 PM org.openqa.selenium.devtools.CdpVersionFinder findNearestMatch
WARNING: Unable to find an exact match for CDP version 140, returning the closest version; found: 139; Please update to a Selenium version that supports CDP version 140
]]></system-err>
  </testcase>
  <testcase name="home" classname="TestCases.HomePageTest" time="1.17"/>
  <testcase name="lifeTimeMembership" classname="TestCases.HomePageTest" time="1.408">
    <system-err><![CDATA[Sept 10, 2025 6:45:59 PM org.openqa.selenium.devtools.CdpVersionFinder findNearestMatch
WARNING: Unable to find an exact match for CDP version 140, returning the closest version; found: 139; Please update to a Selenium version that supports CDP version 140
]]></system-err>
  </testcase>
  <testcase name="lifeTimeMembership" classname="TestCases.HomePageTest" time="1.574"/>
  <testcase name="mngrLogin" classname="TestCases.HomePageTest" time="0.741">
    <system-err><![CDATA[Sept 10, 2025 6:46:04 PM org.openqa.selenium.devtools.CdpVersionFinder findNearestMatch
WARNING: Unable to find an exact match for CDP version 140, returning the closest version; found: 139; Please update to a Selenium version that supports CDP version 140
]]></system-err>
  </testcase>
  <testcase name="mngrLogin" classname="TestCases.HomePageTest" time="0.66"/>
  <testcase name="pageNavigationTest" classname="TestCases.TestLifeTimeMembership" time="0.013">
    <failure message="null" type="java.lang.AssertionError"><![CDATA[java.lang.AssertionError: null
	at org.testng.Assert.fail(Assert.java:111)
	at org.testng.Assert.fail(Assert.java:116)
	at TestCases.TestLifeTimeMembership.pageNavigationTest(TestLifeTimeMembership.java:45)
	at java.base/jdk.internal.reflect.DirectMethodHandleAccessor.invoke(DirectMethodHandleAccessor.java:103)
	at java.base/java.lang.reflect.Method.invoke(Method.java:580)
	at org.testng.internal.invokers.MethodInvocationHelper.invokeMethod(MethodInvocationHelper.java:141)
	at org.testng.internal.invokers.TestInvoker.invokeMethod(TestInvoker.java:687)
	at org.testng.internal.invokers.TestInvoker.invokeTestMethod(TestInvoker.java:230)
	at org.testng.internal.invokers.MethodRunner.runInSequence(MethodRunner.java:63)
	at org.testng.internal.invokers.TestInvoker$MethodInvocationAgent.invoke(TestInvoker.java:995)
	at org.testng.internal.invokers.TestInvoker.invokeTestMethods(TestInvoker.java:203)
	at org.testng.internal.invokers.TestMethodWorker.invokeTestMethods(TestMethodWorker.java:154)
	at org.testng.internal.invokers.TestMethodWorker.run(TestMethodWorker.java:134)
	at java.base/java.util.ArrayList.forEach(ArrayList.java:1596)
	at org.testng.TestRunner.privateRun(TestRunner.java:741)
	at org.testng.TestRunner.run(TestRunner.java:616)
	at org.testng.SuiteRunner.runTest(SuiteRunner.java:421)
	at org.testng.SuiteRunner.runSequentially(SuiteRunner.java:413)
	at org.testng.SuiteRunner.privateRun(SuiteRunner.java:373)
	at org.testng.SuiteRunner.run(SuiteRunner.java:312)
	at org.testng.SuiteRunnerWorker.runSuite(SuiteRunnerWorker.java:52)
	at org.testng.SuiteRunnerWorker.run(SuiteRunnerWorker.java:95)
	at org.testng.TestNG.runSuitesSequentially(TestNG.java:1274)
	at org.testng.TestNG.runSuitesLocally(TestNG.java:1208)
	at org.testng.TestNG.runSuites(TestNG.java:1112)
	at org.testng.TestNG.run(TestNG.java:1079)
	at org.apache.maven.surefire.testng.TestNGExecutor.run(TestNGExecutor.java:308)
	at org.apache.maven.surefire.testng.TestNGXmlTestSuite.execute(TestNGXmlTestSuite.java:71)
	at org.apache.maven.surefire.testng.TestNGProvider.invoke(TestNGProvider.java:113)
	at org.apache.maven.surefire.booter.ForkedBooter.runSuitesInProcess(ForkedBooter.java:385)
	at org.apache.maven.surefire.booter.ForkedBooter.execute(ForkedBooter.java:162)
	at org.apache.maven.surefire.booter.ForkedBooter.run(ForkedBooter.java:507)
	at org.apache.maven.surefire.booter.ForkedBooter.main(ForkedBooter.java:495)
]]></failure>
  </testcase>
  <testcase name="pageNavigationTest" classname="TestCases.TestLifeTimeMembership" time="0.002">
    <failure message="null" type="java.lang.AssertionError"><![CDATA[java.lang.AssertionError: null
	at org.testng.Assert.fail(Assert.java:111)
	at org.testng.Assert.fail(Assert.java:116)
	at TestCases.TestLifeTimeMembership.pageNavigationTest(TestLifeTimeMembership.java:45)
	at java.base/jdk.internal.reflect.DirectMethodHandleAccessor.invoke(DirectMethodHandleAccessor.java:103)
	at java.base/java.lang.reflect.Method.invoke(Method.java:580)
	at org.testng.internal.invokers.MethodInvocationHelper.invokeMethod(MethodInvocationHelper.java:141)
	at org.testng.internal.invokers.TestInvoker.invokeMethod(TestInvoker.java:687)
	at org.testng.internal.invokers.TestInvoker.invokeTestMethod(TestInvoker.java:230)
	at org.testng.internal.invokers.MethodRunner.runInSequence(MethodRunner.java:63)
	at org.testng.internal.invokers.TestInvoker$MethodInvocationAgent.invoke(TestInvoker.java:995)
	at org.testng.internal.invokers.TestInvoker.invokeTestMethods(TestInvoker.java:203)
	at org.testng.internal.invokers.TestMethodWorker.invokeTestMethods(TestMethodWorker.java:154)
	at org.testng.internal.invokers.TestMethodWorker.run(TestMethodWorker.java:134)
	at java.base/java.util.ArrayList.forEach(ArrayList.java:1596)
	at org.testng.TestRunner.privateRun(TestRunner.java:741)
	at org.testng.TestRunner.run(TestRunner.java:616)
	at org.testng.SuiteRunner.runTest(SuiteRunner.java:421)
	at org.testng.SuiteRunner.runSequentially(SuiteRunner.java:413)
	at org.testng.SuiteRunner.privateRun(SuiteRunner.java:373)
	at org.testng.SuiteRunner.run(SuiteRunner.java:312)
	at org.testng.SuiteRunnerWorker.runSuite(SuiteRunnerWorker.java:52)
	at org.testng.SuiteRunnerWorker.run(SuiteRunnerWorker.java:95)
	at org.testng.TestNG.runSuitesSequentially(TestNG.java:1274)
	at org.testng.TestNG.runSuitesLocally(TestNG.java:1208)
	at org.testng.TestNG.runSuites(TestNG.java:1112)
	at org.testng.TestNG.run(TestNG.java:1079)
	at org.apache.maven.surefire.testng.TestNGExecutor.run(TestNGExecutor.java:308)
	at org.apache.maven.surefire.testng.TestNGXmlTestSuite.execute(TestNGXmlTestSuite.java:71)
	at org.apache.maven.surefire.testng.TestNGProvider.invoke(TestNGProvider.java:113)
	at org.apache.maven.surefire.booter.ForkedBooter.runSuitesInProcess(ForkedBooter.java:385)
	at org.apache.maven.surefire.booter.ForkedBooter.execute(ForkedBooter.java:162)
	at org.apache.maven.surefire.booter.ForkedBooter.run(ForkedBooter.java:507)
	at org.apache.maven.surefire.booter.ForkedBooter.main(ForkedBooter.java:495)
]]></failure>
  </testcase>
  <testcase name="addCust[Test, lname, 1000](1)" classname="TestCases.BankManagerTest" time="1.804">
    <system-err><![CDATA[Sept 10, 2025 6:46:08 PM org.openqa.selenium.devtools.CdpVersionFinder findNearestMatch
WARNING: Unable to find an exact match for CDP version 140, returning the closest version; found: 139; Please update to a Selenium version that supports CDP version 140
]]></system-err>
  </testcase>
  <testcase name="addCust[Test, lname, 1000](1)" classname="TestCases.BankManagerTest" time="1.071"/>
  <testcase name="addCust[Test1, lname1, 1001](2)" classname="TestCases.BankManagerTest" time="2.173">
    <system-err><![CDATA[Sept 10, 2025 6:46:12 PM org.openqa.selenium.devtools.CdpVersionFinder findNearestMatch
WARNING: Unable to find an exact match for CDP version 140, returning the closest version; found: 139; Please update to a Selenium version that supports CDP version 140
]]></system-err>
  </testcase>
  <testcase name="addCust[Test1, lname1, 1001](2)" classname="TestCases.BankManagerTest" time="2.17"/>
  <testcase name="addCust[Test2, lname3, 1002](3)" classname="TestCases.BankManagerTest" time="2.126">
    <system-err><![CDATA[Sept 10, 2025 6:46:17 PM org.openqa.selenium.devtools.CdpVersionFinder findNearestMatch
WARNING: Unable to find an exact match for CDP version 140, returning the closest version; found: 139; Please update to a Selenium version that supports CDP version 140
]]></system-err>
  </testcase>
  <testcase name="addCust[Test2, lname3, 1002](3)" classname="TestCases.BankManagerTest" time="2.111"/>
  <testcase name="addCust[Test3, lname4, 1003](4)" classname="TestCases.BankManagerTest" time="1.842">
    <system-err><![CDATA[Sept 10, 2025 6:46:23 PM org.openqa.selenium.devtools.CdpVersionFinder findNearestMatch
WARNING: Unable to find an exact match for CDP version 140, returning the closest version; found: 139; Please update to a Selenium version that supports CDP version 140
]]></system-err>
  </testcase>
  <testcase name="addCust[Test3, lname4, 1003](4)" classname="TestCases.BankManagerTest" time="2.222"/>
  <testcase name="addCust[Test4, lname5, 1004](5)" classname="TestCases.BankManagerTest" time="2.216">
    <system-err><![CDATA[Sept 10, 2025 6:46:28 PM org.openqa.selenium.devtools.CdpVersionFinder findNearestMatch
WARNING: Unable to find an exact match for CDP version 140, returning the closest version; found: 139; Please update to a Selenium version that supports CDP version 140
]]></system-err>
  </testcase>
  <testcase name="addCust[Test4, lname5, 1004](5)" classname="TestCases.BankManagerTest" time="2.119"/>
  <testcase name="checkDeleteButton" classname="TestCases.BankManagerTest" time="1.927">
    <system-err><![CDATA[Sept 10, 2025 6:46:34 PM org.openqa.selenium.devtools.CdpVersionFinder findNearestMatch
WARNING: Unable to find an exact match for CDP version 140, returning the closest version; found: 139; Please update to a Selenium version that supports CDP version 140
]]></system-err>
  </testcase>
  <testcase name="checkDeleteButton" classname="TestCases.BankManagerTest" time="0.967"/>
  <testcase name="custDetails[First Name](1)" classname="TestCases.BankManagerTest" time="2.124">
    <system-err><![CDATA[Sept 10, 2025 6:46:39 PM org.openqa.selenium.devtools.CdpVersionFinder findNearestMatch
WARNING: Unable to find an exact match for CDP version 140, returning the closest version; found: 139; Please update to a Selenium version that supports CDP version 140
]]></system-err>
  </testcase>
  <testcase name="custDetails[First Name](1)" classname="TestCases.BankManagerTest" time="1.365"/>
  <testcase name="custDetails[Last Name](2)" classname="TestCases.BankManagerTest" time="1.568">
    <system-err><![CDATA[Sept 10, 2025 6:46:44 PM org.openqa.selenium.devtools.CdpVersionFinder findNearestMatch
WARNING: Unable to find an exact match for CDP version 140, returning the closest version; found: 139; Please update to a Selenium version that supports CDP version 140
]]></system-err>
  </testcase>
  <testcase name="custDetails[Last Name](2)" classname="TestCases.BankManagerTest" time="1.316"/>
  <testcase name="custDetails[Post Code](3)" classname="TestCases.BankManagerTest" time="1.715">
    <system-err><![CDATA[Sept 10, 2025 6:46:48 PM org.openqa.selenium.devtools.CdpVersionFinder findNearestMatch
WARNING: Unable to find an exact match for CDP version 140, returning the closest version; found: 139; Please update to a Selenium version that supports CDP version 140
]]></system-err>
  </testcase>
  <testcase name="custDetails[Post Code](3)" classname="TestCases.BankManagerTest" time="1.895"/>
  <testcase name="custDetails[Account Number](4)" classname="TestCases.BankManagerTest" time="1.574">
    <system-err><![CDATA[Sept 10, 2025 6:46:53 PM org.openqa.selenium.devtools.CdpVersionFinder findNearestMatch
WARNING: Unable to find an exact match for CDP version 140, returning the closest version; found: 139; Please update to a Selenium version that supports CDP version 140
]]></system-err>
  </testcase>
  <testcase name="custDetails[Account Number](4)" classname="TestCases.BankManagerTest" time="0.932"/>
  <testcase name="custDetails[Delete Customer](5)" classname="TestCases.BankManagerTest" time="2.797">
    <system-err><![CDATA[Sept 10, 2025 6:46:59 PM org.openqa.selenium.devtools.CdpVersionFinder findNearestMatch
WARNING: Unable to find an exact match for CDP version 140, returning the closest version; found: 139; Please update to a Selenium version that supports CDP version 140
]]></system-err>
  </testcase>
  <testcase name="custDetails[Delete Customer](5)" classname="TestCases.BankManagerTest" time="1.446"/>
  <testcase name="deleteTest" classname="TestCases.BankManagerTest" time="10.52">
    <failure message="Expected condition failed: waiting for element to be clickable: By.xpath: //button[@ng-click=&apos;showCust()&apos;] (tried for 10 second(s) with 500 milliseconds interval)&#10;Build info: version: &apos;4.35.0&apos;, revision: &apos;1c58e5028b&apos;&#10;System info: os.name: &apos;Windows 11&apos;, os.arch: &apos;amd64&apos;, os.version: &apos;10.0&apos;, java.version: &apos;21.0.8&apos;&#10;Driver info: org.openqa.selenium.chrome.ChromeDriver&#10;Capabilities {acceptInsecureCerts: false, browserName: chrome, browserVersion: 140.0.7339.128, chrome: {chromedriverVersion: 140.0.7339.82 (bc93617e21c3..., userDataDir: C:\Users\HUNEEP~1.SUR\AppDa...}, fedcm:accounts: true, goog:chromeOptions: {debuggerAddress: localhost:61012}, networkConnectionEnabled: false, pageLoadStrategy: normal, platformName: windows, proxy: Proxy(), se:cdp: ws://localhost:61012/devtoo..., se:cdpVersion: 140.0.7339.128, setWindowRect: true, strictFileInteractability: false, timeouts: {implicit: 0, pageLoad: 300000, script: 30000}, unhandledPromptBehavior: dismiss and notify, webauthn:extension:credBlob: true, webauthn:extension:largeBlob: true, webauthn:extension:minPinLength: true, webauthn:extension:prf: true, webauthn:virtualAuthenticators: true}&#10;Session ID: 56de828ac1fd35eb3302f53d4f461dc4" type="java.lang.AssertionError"><![CDATA[java.lang.AssertionError: 
Expected condition failed: waiting for element to be clickable: By.xpath: //button[@ng-click='showCust()'] (tried for 10 second(s) with 500 milliseconds interval)
Build info: version: '4.35.0', revision: '1c58e5028b'
System info: os.name: 'Windows 11', os.arch: 'amd64', os.version: '10.0', java.version: '21.0.8'
Driver info: org.openqa.selenium.chrome.ChromeDriver
Capabilities {acceptInsecureCerts: false, browserName: chrome, browserVersion: 140.0.7339.128, chrome: {chromedriverVersion: 140.0.7339.82 (bc93617e21c3..., userDataDir: C:\Users\HUNEEP~1.SUR\AppDa...}, fedcm:accounts: true, goog:chromeOptions: {debuggerAddress: localhost:61012}, networkConnectionEnabled: false, pageLoadStrategy: normal, platformName: windows, proxy: Proxy(), se:cdp: ws://localhost:61012/devtoo..., se:cdpVersion: 140.0.7339.128, setWindowRect: true, strictFileInteractability: false, timeouts: {implicit: 0, pageLoad: 300000, script: 30000}, unhandledPromptBehavior: dismiss and notify, webauthn:extension:credBlob: true, webauthn:extension:largeBlob: true, webauthn:extension:minPinLength: true, webauthn:extension:prf: true, webauthn:virtualAuthenticators: true}
Session ID: 56de828ac1fd35eb3302f53d4f461dc4
	at org.testng.Assert.fail(Assert.java:111)
	at TestCases.BankManagerTest.deleteTest(BankManagerTest.java:228)
	at java.base/jdk.internal.reflect.DirectMethodHandleAccessor.invoke(DirectMethodHandleAccessor.java:103)
	at java.base/java.lang.reflect.Method.invoke(Method.java:580)
	at org.testng.internal.invokers.MethodInvocationHelper.invokeMethod(MethodInvocationHelper.java:141)
	at org.testng.internal.invokers.TestInvoker.invokeMethod(TestInvoker.java:687)
	at org.testng.internal.invokers.TestInvoker.invokeTestMethod(TestInvoker.java:230)
	at org.testng.internal.invokers.MethodRunner.runInSequence(MethodRunner.java:63)
	at org.testng.internal.invokers.TestInvoker$MethodInvocationAgent.invoke(TestInvoker.java:995)
	at org.testng.internal.invokers.TestInvoker.invokeTestMethods(TestInvoker.java:203)
	at org.testng.internal.invokers.TestMethodWorker.invokeTestMethods(TestMethodWorker.java:154)
	at org.testng.internal.invokers.TestMethodWorker.run(TestMethodWorker.java:134)
	at java.base/java.util.ArrayList.forEach(ArrayList.java:1596)
	at org.testng.TestRunner.privateRun(TestRunner.java:741)
	at org.testng.TestRunner.run(TestRunner.java:616)
	at org.testng.SuiteRunner.runTest(SuiteRunner.java:421)
	at org.testng.SuiteRunner.runSequentially(SuiteRunner.java:413)
	at org.testng.SuiteRunner.privateRun(SuiteRunner.java:373)
	at org.testng.SuiteRunner.run(SuiteRunner.java:312)
	at org.testng.SuiteRunnerWorker.runSuite(SuiteRunnerWorker.java:52)
	at org.testng.SuiteRunnerWorker.run(SuiteRunnerWorker.java:95)
	at org.testng.TestNG.runSuitesSequentially(TestNG.java:1274)
	at org.testng.TestNG.runSuitesLocally(TestNG.java:1208)
	at org.testng.TestNG.runSuites(TestNG.java:1112)
	at org.testng.TestNG.run(TestNG.java:1079)
	at org.apache.maven.surefire.testng.TestNGExecutor.run(TestNGExecutor.java:308)
	at org.apache.maven.surefire.testng.TestNGXmlTestSuite.execute(TestNGXmlTestSuite.java:71)
	at org.apache.maven.surefire.testng.TestNGProvider.invoke(TestNGProvider.java:113)
	at org.apache.maven.surefire.booter.ForkedBooter.runSuitesInProcess(ForkedBooter.java:385)
	at org.apache.maven.surefire.booter.ForkedBooter.execute(ForkedBooter.java:162)
	at org.apache.maven.surefire.booter.ForkedBooter.run(ForkedBooter.java:507)
	at org.apache.maven.surefire.booter.ForkedBooter.main(ForkedBooter.java:495)
]]></failure>
    <system-err><![CDATA[Sept 10, 2025 6:47:05 PM org.openqa.selenium.devtools.CdpVersionFinder findNearestMatch
WARNING: Unable to find an exact match for CDP version 140, returning the closest version; found: 139; Please update to a Selenium version that supports CDP version 140
]]></system-err>
  </testcase>
  <testcase name="deleteTest" classname="TestCases.BankManagerTest" time="1.96"/>
  <testcase name="placeHolderTest" classname="TestCases.BankManagerTest" time="1.909">
    <system-err><![CDATA[Sept 10, 2025 6:47:18 PM org.openqa.selenium.devtools.CdpVersionFinder findNearestMatch
WARNING: Unable to find an exact match for CDP version 140, returning the closest version; found: 139; Please update to a Selenium version that supports CDP version 140
]]></system-err>
  </testcase>
  <testcase name="placeHolderTest" classname="TestCases.BankManagerTest" time="1.527"/>
  <testcase name="openAccount[Hermoine Granger](1)" classname="TestCases.BankManagerTest" time="2.157">
    <system-err><![CDATA[Sept 10, 2025 6:47:27 PM org.openqa.selenium.devtools.CdpVersionFinder findNearestMatch
WARNING: Unable to find an exact match for CDP version 140, returning the closest version; found: 139; Please update to a Selenium version that supports CDP version 140
]]></system-err>
  </testcase>
  <testcase name="openAccount[Hermoine Granger](1)" classname="TestCases.BankManagerTest" time="3.102"/>
  <testcase name="openAccount[Harry Potter](2)" classname="TestCases.BankManagerTest" time="2.25">
    <system-err><![CDATA[Sept 10, 2025 6:47:32 PM org.openqa.selenium.devtools.CdpVersionFinder findNearestMatch
WARNING: Unable to find an exact match for CDP version 140, returning the closest version; found: 139; Please update to a Selenium version that supports CDP version 140
]]></system-err>
  </testcase>
  <testcase name="openAccount[Harry Potter](2)" classname="TestCases.BankManagerTest" time="2.273"/>
  <testcase name="openAccount[Ron Weasly](3)" classname="TestCases.BankManagerTest" time="1.806">
    <system-err><![CDATA[Sept 10, 2025 6:47:38 PM org.openqa.selenium.devtools.CdpVersionFinder findNearestMatch
WARNING: Unable to find an exact match for CDP version 140, returning the closest version; found: 139; Please update to a Selenium version that supports CDP version 140
]]></system-err>
  </testcase>
  <testcase name="openAccount[Ron Weasly](3)" classname="TestCases.BankManagerTest" time="2.011"/>
  <testcase name="openAccount[Albus Dumbledore](4)" classname="TestCases.BankManagerTest" time="1.875">
    <system-err><![CDATA[Sept 10, 2025 6:47:43 PM org.openqa.selenium.devtools.CdpVersionFinder findNearestMatch
WARNING: Unable to find an exact match for CDP version 140, returning the closest version; found: 139; Please update to a Selenium version that supports CDP version 140
]]></system-err>
  </testcase>
  <testcase name="openAccount[Albus Dumbledore](4)" classname="TestCases.BankManagerTest" time="2.244"/>
  <testcase name="openAccount[Neville Longbottom](5)" classname="TestCases.BankManagerTest" time="1.774">
    <system-err><![CDATA[Sept 10, 2025 6:47:48 PM org.openqa.selenium.devtools.CdpVersionFinder findNearestMatch
WARNING: Unable to find an exact match for CDP version 140, returning the closest version; found: 139; Please update to a Selenium version that supports CDP version 140
]]></system-err>
  </testcase>
  <testcase name="openAccount[Neville Longbottom](5)" classname="TestCases.BankManagerTest" time="2.125"/>
  <testcase name="TransactionBackButttonTest[Hermoine Granger](1)" classname="TestCases.CustLoginTest" time="3.775">
    <system-err><![CDATA[Sept 10, 2025 6:47:53 PM org.openqa.selenium.devtools.CdpVersionFinder findNearestMatch
WARNING: Unable to find an exact match for CDP version 140, returning the closest version; found: 139; Please update to a Selenium version that supports CDP version 140
]]></system-err>
  </testcase>
  <testcase name="TransactionBackButttonTest[Hermoine Granger](1)" classname="TestCases.CustLoginTest" time="3.606"/>
  <testcase name="TransactionBackButttonTest[Harry Potter](2)" classname="TestCases.CustLoginTest" time="3.773">
    <system-err><![CDATA[Sept 10, 2025 6:48:00 PM org.openqa.selenium.devtools.CdpVersionFinder findNearestMatch
WARNING: Unable to find an exact match for CDP version 140, returning the closest version; found: 139; Please update to a Selenium version that supports CDP version 140
]]></system-err>
  </testcase>
  <testcase name="TransactionBackButttonTest[Harry Potter](2)" classname="TestCases.CustLoginTest" time="3.205"/>
  <testcase name="TransactionBackButttonTest[Ron Weasly](3)" classname="TestCases.CustLoginTest" time="3.459">
    <system-err><![CDATA[Sept 10, 2025 6:48:07 PM org.openqa.selenium.devtools.CdpVersionFinder findNearestMatch
WARNING: Unable to find an exact match for CDP version 140, returning the closest version; found: 139; Please update to a Selenium version that supports CDP version 140
]]></system-err>
  </testcase>
  <testcase name="TransactionBackButttonTest[Ron Weasly](3)" classname="TestCases.CustLoginTest" time="3.792"/>
  <testcase name="TransactionBackButttonTest[Albus Dumbledore](4)" classname="TestCases.CustLoginTest" time="3.652">
    <system-err><![CDATA[Sept 10, 2025 6:48:15 PM org.openqa.selenium.devtools.CdpVersionFinder findNearestMatch
WARNING: Unable to find an exact match for CDP version 140, returning the closest version; found: 139; Please update to a Selenium version that supports CDP version 140
]]></system-err>
  </testcase>
  <testcase name="TransactionBackButttonTest[Albus Dumbledore](4)" classname="TestCases.CustLoginTest" time="3.496"/>
  <testcase name="TransactionBackButttonTest[Neville Longbottom](5)" classname="TestCases.CustLoginTest" time="3.905">
    <system-err><![CDATA[Sept 10, 2025 6:48:21 PM org.openqa.selenium.devtools.CdpVersionFinder findNearestMatch
WARNING: Unable to find an exact match for CDP version 140, returning the closest version; found: 139; Please update to a Selenium version that supports CDP version 140
]]></system-err>
  </testcase>
  <testcase name="TransactionBackButttonTest[Neville Longbottom](5)" classname="TestCases.CustLoginTest" time="3.416"/>
  <testcase name="afterLoginPageTest[Hermoine Granger](1)" classname="TestCases.CustLoginTest" time="2.243">
    <system-err><![CDATA[Sept 10, 2025 6:48:28 PM org.openqa.selenium.devtools.CdpVersionFinder findNearestMatch
WARNING: Unable to find an exact match for CDP version 140, returning the closest version; found: 139; Please update to a Selenium version that supports CDP version 140
]]></system-err>
  </testcase>
  <testcase name="afterLoginPageTest[Hermoine Granger](1)" classname="TestCases.CustLoginTest" time="2.725"/>
  <testcase name="afterLoginPageTest[Harry Potter](2)" classname="TestCases.CustLoginTest" time="2.285">
    <system-err><![CDATA[Sept 10, 2025 6:48:34 PM org.openqa.selenium.devtools.CdpVersionFinder findNearestMatch
WARNING: Unable to find an exact match for CDP version 140, returning the closest version; found: 139; Please update to a Selenium version that supports CDP version 140
]]></system-err>
  </testcase>
  <testcase name="afterLoginPageTest[Harry Potter](2)" classname="TestCases.CustLoginTest" time="2.52"/>
  <testcase name="afterLoginPageTest[Ron Weasly](3)" classname="TestCases.CustLoginTest" time="2.269">
    <system-err><![CDATA[Sept 10, 2025 6:48:40 PM org.openqa.selenium.devtools.CdpVersionFinder findNearestMatch
WARNING: Unable to find an exact match for CDP version 140, returning the closest version; found: 139; Please update to a Selenium version that supports CDP version 140
]]></system-err>
  </testcase>
  <testcase name="afterLoginPageTest[Ron Weasly](3)" classname="TestCases.CustLoginTest" time="2.58"/>
  <testcase name="afterLoginPageTest[Albus Dumbledore](4)" classname="TestCases.CustLoginTest" time="2.468">
    <system-err><![CDATA[Sept 10, 2025 6:48:45 PM org.openqa.selenium.devtools.CdpVersionFinder findNearestMatch
WARNING: Unable to find an exact match for CDP version 140, returning the closest version; found: 139; Please update to a Selenium version that supports CDP version 140
]]></system-err>
  </testcase>
  <testcase name="afterLoginPageTest[Albus Dumbledore](4)" classname="TestCases.CustLoginTest" time="2.372"/>
  <testcase name="afterLoginPageTest[Neville Longbottom](5)" classname="TestCases.CustLoginTest" time="2.745">
    <system-err><![CDATA[Sept 10, 2025 6:48:51 PM org.openqa.selenium.devtools.CdpVersionFinder findNearestMatch
WARNING: Unable to find an exact match for CDP version 140, returning the closest version; found: 139; Please update to a Selenium version that supports CDP version 140
]]></system-err>
  </testcase>
  <testcase name="afterLoginPageTest[Neville Longbottom](5)" classname="TestCases.CustLoginTest" time="2.341"/>
  <testcase name="depositTest[Hermoine Granger](1)" classname="TestCases.CustLoginTest" time="4.396">
    <system-err><![CDATA[Sept 10, 2025 6:48:57 PM org.openqa.selenium.devtools.CdpVersionFinder findNearestMatch
WARNING: Unable to find an exact match for CDP version 140, returning the closest version; found: 139; Please update to a Selenium version that supports CDP version 140
]]></system-err>
  </testcase>
  <testcase name="depositTest[Hermoine Granger](1)" classname="TestCases.CustLoginTest" time="4.289"/>
  <testcase name="depositTest[Harry Potter](2)" classname="TestCases.CustLoginTest" time="4.818">
    <system-err><![CDATA[Sept 10, 2025 6:49:05 PM org.openqa.selenium.devtools.CdpVersionFinder findNearestMatch
WARNING: Unable to find an exact match for CDP version 140, returning the closest version; found: 139; Please update to a Selenium version that supports CDP version 140
]]></system-err>
  </testcase>
  <testcase name="depositTest[Harry Potter](2)" classname="TestCases.CustLoginTest" time="4.263"/>
  <testcase name="depositTest[Ron Weasly](3)" classname="TestCases.CustLoginTest" time="4.385">
    <system-err><![CDATA[Sept 10, 2025 6:49:12 PM org.openqa.selenium.devtools.CdpVersionFinder findNearestMatch
WARNING: Unable to find an exact match for CDP version 140, returning the closest version; found: 139; Please update to a Selenium version that supports CDP version 140
]]></system-err>
  </testcase>
  <testcase name="depositTest[Ron Weasly](3)" classname="TestCases.CustLoginTest" time="2.996"/>
  <testcase name="depositTest[Albus Dumbledore](4)" classname="TestCases.CustLoginTest" time="4.655">
    <system-err><![CDATA[Sept 10, 2025 6:49:20 PM org.openqa.selenium.devtools.CdpVersionFinder findNearestMatch
WARNING: Unable to find an exact match for CDP version 140, returning the closest version; found: 139; Please update to a Selenium version that supports CDP version 140
]]></system-err>
  </testcase>
  <testcase name="depositTest[Albus Dumbledore](4)" classname="TestCases.CustLoginTest" time="4.276"/>
  <testcase name="depositTest[Neville Longbottom](5)" classname="TestCases.CustLoginTest" time="4.219">
    <system-err><![CDATA[Sept 10, 2025 6:49:28 PM org.openqa.selenium.devtools.CdpVersionFinder findNearestMatch
WARNING: Unable to find an exact match for CDP version 140, returning the closest version; found: 139; Please update to a Selenium version that supports CDP version 140
]]></system-err>
  </testcase>
  <testcase name="depositTest[Neville Longbottom](5)" classname="TestCases.CustLoginTest" time="3.92"/>
  <testcase name="drpdownNameSelectionTest" classname="TestCases.CustLoginTest" time="3.762">
    <system-err><![CDATA[Sept 10, 2025 6:49:36 PM org.openqa.selenium.devtools.CdpVersionFinder findNearestMatch
WARNING: Unable to find an exact match for CDP version 140, returning the closest version; found: 139; Please update to a Selenium version that supports CDP version 140
]]></system-err>
  </testcase>
  <testcase name="drpdownNameSelectionTest" classname="TestCases.CustLoginTest" time="5.436"/>
  <testcase name="transactionTableTest[Hermoine Granger](1)" classname="TestCases.CustLoginTest" time="3.512">
    <system-err><![CDATA[Sept 10, 2025 6:49:43 PM org.openqa.selenium.devtools.CdpVersionFinder findNearestMatch
WARNING: Unable to find an exact match for CDP version 140, returning the closest version; found: 139; Please update to a Selenium version that supports CDP version 140
]]></system-err>
  </testcase>
  <testcase name="transactionTableTest[Hermoine Granger](1)" classname="TestCases.CustLoginTest" time="4.09"/>
  <testcase name="transactionTableTest[Harry Potter](2)" classname="TestCases.CustLoginTest" time="3.738">
    <system-err><![CDATA[Sept 10, 2025 6:49:50 PM org.openqa.selenium.devtools.CdpVersionFinder findNearestMatch
WARNING: Unable to find an exact match for CDP version 140, returning the closest version; found: 139; Please update to a Selenium version that supports CDP version 140
]]></system-err>
  </testcase>
  <testcase name="transactionTableTest[Harry Potter](2)" classname="TestCases.CustLoginTest" time="4.541"/>
  <testcase name="transactionTableTest[Ron Weasly](3)" classname="TestCases.CustLoginTest" time="3.197">
    <system-err><![CDATA[Sept 10, 2025 6:49:57 PM org.openqa.selenium.devtools.CdpVersionFinder findNearestMatch
WARNING: Unable to find an exact match for CDP version 140, returning the closest version; found: 139; Please update to a Selenium version that supports CDP version 140
]]></system-err>
  </testcase>
  <testcase name="transactionTableTest[Ron Weasly](3)" classname="TestCases.CustLoginTest" time="3.258"/>
  <testcase name="transactionTableTest[Albus Dumbledore](4)" classname="TestCases.CustLoginTest" time="3.692">
    <system-err><![CDATA[Sept 10, 2025 6:50:03 PM org.openqa.selenium.devtools.CdpVersionFinder findNearestMatch
WARNING: Unable to find an exact match for CDP version 140, returning the closest version; found: 139; Please update to a Selenium version that supports CDP version 140
]]></system-err>
  </testcase>
  <testcase name="transactionTableTest[Albus Dumbledore](4)" classname="TestCases.CustLoginTest" time="3.657"/>
  <testcase name="transactionTableTest[Neville Longbottom](5)" classname="TestCases.CustLoginTest" time="3.14">
    <system-err><![CDATA[Sept 10, 2025 6:50:10 PM org.openqa.selenium.devtools.CdpVersionFinder findNearestMatch
WARNING: Unable to find an exact match for CDP version 140, returning the closest version; found: 139; Please update to a Selenium version that supports CDP version 140
]]></system-err>
  </testcase>
  <testcase name="transactionTableTest[Neville Longbottom](5)" classname="TestCases.CustLoginTest" time="3.024"/>
  <testcase name="withdrawTest[Hermoine Granger](1)" classname="TestCases.CustLoginTest" time="4.651">
    <system-err><![CDATA[Sept 10, 2025 6:50:17 PM org.openqa.selenium.devtools.CdpVersionFinder findNearestMatch
WARNING: Unable to find an exact match for CDP version 140, returning the closest version; found: 139; Please update to a Selenium version that supports CDP version 140
]]></system-err>
  </testcase>
  <testcase name="withdrawTest[Hermoine Granger](1)" classname="TestCases.CustLoginTest" time="92.297"/>
  <testcase name="withdrawTest[Harry Potter](2)" classname="TestCases.CustLoginTest" time="4.619">
    <system-err><![CDATA[Sept 10, 2025 6:50:27 PM org.openqa.selenium.devtools.CdpVersionFinder findNearestMatch
WARNING: Unable to find an exact match for CDP version 140, returning the closest version; found: 139; Please update to a Selenium version that supports CDP version 140
]]></system-err>
  </testcase>
  <testcase name="withdrawTest[Harry Potter](2)" classname="TestCases.CustLoginTest" time="92.443"/>
  <testcase name="withdrawTest[Ron Weasly](3)" classname="TestCases.CustLoginTest" time="5.319">
    <system-err><![CDATA[Sept 10, 2025 6:50:34 PM org.openqa.selenium.devtools.CdpVersionFinder findNearestMatch
WARNING: Unable to find an exact match for CDP version 140, returning the closest version; found: 139; Please update to a Selenium version that supports CDP version 140
]]></system-err>
  </testcase>
  <testcase name="withdrawTest[Ron Weasly](3)" classname="TestCases.CustLoginTest" time="90.132"/>
  <testcase name="withdrawTest[Albus Dumbledore](4)" classname="TestCases.CustLoginTest" time="5.427">
    <system-err><![CDATA[Sept 10, 2025 6:50:43 PM org.openqa.selenium.devtools.CdpVersionFinder findNearestMatch
WARNING: Unable to find an exact match for CDP version 140, returning the closest version; found: 139; Please update to a Selenium version that supports CDP version 140
]]></system-err>
  </testcase>
  <testcase name="withdrawTest[Albus Dumbledore](4)" classname="TestCases.CustLoginTest" time="63.075"/>
  <testcase name="withdrawTest[Neville Longbottom](5)" classname="TestCases.CustLoginTest" time="5.374">
    <system-err><![CDATA[Sept 10, 2025 6:50:51 PM org.openqa.selenium.devtools.CdpVersionFinder findNearestMatch
WARNING: Unable to find an exact match for CDP version 140, returning the closest version; found: 139; Please update to a Selenium version that supports CDP version 140
]]></system-err>
  </testcase>
  <testcase name="withdrawTest[Neville Longbottom](5)" classname="TestCases.CustLoginTest" time="60.525"/>
  <testcase name="checkCustomerButton" classname="TestCases.CustLoginTest" time="0.711">
    <system-err><![CDATA[Sept 10, 2025 6:50:59 PM org.openqa.selenium.devtools.CdpVersionFinder findNearestMatch
WARNING: Unable to find an exact match for CDP version 140, returning the closest version; found: 139; Please update to a Selenium version that supports CDP version 140
]]></system-err>
  </testcase>
  <testcase name="checkCustomerButton" classname="TestCases.CustLoginTest" time="0.657"/>
  <testcase name="drpDownSizeTest" classname="TestCases.CustLoginTest" time="0.807">
    <system-err><![CDATA[Sept 10, 2025 6:51:03 PM org.openqa.selenium.devtools.CdpVersionFinder findNearestMatch
WARNING: Unable to find an exact match for CDP version 140, returning the closest version; found: 139; Please update to a Selenium version that supports CDP version 140
]]></system-err>
  </testcase>
  <testcase name="drpDownSizeTest" classname="TestCases.CustLoginTest" time="0.79"/>
  <testcase name="drpDownNamesTest" classname="TestCases.CustLoginTest" time="0.853">
    <system-err><![CDATA[Sept 10, 2025 6:51:06 PM org.openqa.selenium.devtools.CdpVersionFinder findNearestMatch
WARNING: Unable to find an exact match for CDP version 140, returning the closest version; found: 139; Please update to a Selenium version that supports CDP version 140
]]></system-err>
  </testcase>
  <testcase name="drpDownNamesTest" classname="TestCases.CustLoginTest" time="1.259"/>
</testsuite>