<?xml version="1.0" encoding="UTF-8"?>
<!-- Generated by org.testng.reporters.JUnitReportReporter -->
<testsuite hostname="INWSLPDEV-112" failures="1" tests="36" name="TestCases.BankManagerTest" time="390.070" errors="0" timestamp="2025-09-10T19:11:26 IST" skipped="0">
  <testcase classname="TestCases.BankManagerTest" name="deleteTest" time="68.687"/>
  <testcase classname="TestCases.BankManagerTest" name="custDetails" time="4.617"/>
  <testcase classname="TestCases.BankManagerTest" name="custDetails" time="4.426"/>
  <testcase classname="TestCases.BankManagerTest" name="addCust" time="9.718"/>
  <testcase classname="TestCases.BankManagerTest" name="addCust" time="9.720"/>
  <testcase classname="TestCases.BankManagerTest" name="checkDeleteButton" time="4.570"/>
  <testcase classname="TestCases.BankManagerTest" name="addCust" time="9.033"/>
  <testcase classname="TestCases.BankManagerTest" name="custDetails" time="5.024"/>
  <testcase classname="TestCases.BankManagerTest" name="addCust" time="4.997"/>
  <testcase classname="TestCases.BankManagerTest" name="deleteTest" time="13.503">
    <failure message="Expected condition failed: waiting for element to be clickable: By.xpath: //button[@ng-click=&#039;showCust()&#039;] (tried for 10 second(s) with 500 milliseconds interval)
Build info: version: &#039;4.35.0&#039;, revision: &#039;1c58e5028b&#039;
System info: os.name: &#039;Windows 11&#039;, os.arch: &#039;amd64&#039;, os.version: &#039;10.0&#039;, java.version: &#039;21.0.8&#039;
Driver info: org.openqa.selenium.chrome.ChromeDriver
Capabilities {acceptInsecureCerts: false, browserName: chrome, browserVersion: 140.0.7339.128, chrome: {chromedriverVersion: 140.0.7339.82 (bc93617e21c3..., userDataDir: C:\Users\HUNEEP~1.SUR\AppDa...}, fedcm:accounts: true, goog:chromeOptions: {debuggerAddress: localhost:61012}, networkConnectionEnabled: false, pageLoadStrategy: normal, platformName: windows, proxy: Proxy(), se:cdp: ws://localhost:61012/devtoo..., se:cdpVersion: 140.0.7339.128, setWindowRect: true, strictFileInteractability: false, timeouts: {implicit: 0, pageLoad: 300000, script: 30000}, unhandledPromptBehavior: dismiss and notify, webauthn:extension:credBlob: true, webauthn:extension:largeBlob: true, webauthn:extension:minPinLength: true, webauthn:extension:prf: true, webauthn:virtualAuthenticators: true}
Session ID: 56de828ac1fd35eb3302f53d4f461dc4" type="java.lang.AssertionError">
      <![CDATA[java.lang.AssertionError: Expected condition failed: waiting for element to be clickable: By.xpath: //button[@ng-click='showCust()'] (tried for 10 second(s) with 500 milliseconds interval)
Build info: version: '4.35.0', revision: '1c58e5028b'
System info: os.name: 'Windows 11', os.arch: 'amd64', os.version: '10.0', java.version: '21.0.8'
Driver info: org.openqa.selenium.chrome.ChromeDriver
Capabilities {acceptInsecureCerts: false, browserName: chrome, browserVersion: 140.0.7339.128, chrome: {chromedriverVersion: 140.0.7339.82 (bc93617e21c3..., userDataDir: C:\Users\HUNEEP~1.SUR\AppDa...}, fedcm:accounts: true, goog:chromeOptions: {debuggerAddress: localhost:61012}, networkConnectionEnabled: false, pageLoadStrategy: normal, platformName: windows, proxy: Proxy(), se:cdp: ws://localhost:61012/devtoo..., se:cdpVersion: 140.0.7339.128, setWindowRect: true, strictFileInteractability: false, timeouts: {implicit: 0, pageLoad: 300000, script: 30000}, unhandledPromptBehavior: dismiss and notify, webauthn:extension:credBlob: true, webauthn:extension:largeBlob: true, webauthn:extension:minPinLength: true, webauthn:extension:prf: true, webauthn:virtualAuthenticators: true}
Session ID: 56de828ac1fd35eb3302f53d4f461dc4
at org.testng.Assert.fail(Assert.java:111)
at TestCases.BankManagerTest.deleteTest(BankManagerTest.java:228)
at java.base/jdk.internal.reflect.DirectMethodHandleAccessor.invoke(DirectMethodHandleAccessor.java:103)
at java.base/java.lang.reflect.Method.invoke(Method.java:580)
at org.testng.internal.invokers.MethodInvocationHelper.invokeMethod(MethodInvocationHelper.java:141)
at org.testng.internal.invokers.TestInvoker.invokeMethod(TestInvoker.java:687)
at org.testng.internal.invokers.TestInvoker.invokeTestMethod(TestInvoker.java:230)
at org.testng.internal.invokers.MethodRunner.runInSequence(MethodRunner.java:63)
at org.testng.internal.invokers.TestInvoker$MethodInvocationAgent.invoke(TestInvoker.java:995)
at org.testng.internal.invokers.TestInvoker.invokeTestMethods(TestInvoker.java:203)
at org.testng.internal.invokers.TestMethodWorker.invokeTestMethods(TestMethodWorker.java:154)
at org.testng.internal.invokers.TestMethodWorker.run(TestMethodWorker.java:134)
at java.base/java.util.ArrayList.forEach(ArrayList.java:1596)
at org.testng.TestRunner.privateRun(TestRunner.java:741)
at org.testng.TestRunner.run(TestRunner.java:616)
at org.testng.SuiteRunner.runTest(SuiteRunner.java:421)
at org.testng.SuiteRunner.runSequentially(SuiteRunner.java:413)
at org.testng.SuiteRunner.privateRun(SuiteRunner.java:373)
at org.testng.SuiteRunner.run(SuiteRunner.java:312)
at org.testng.SuiteRunnerWorker.runSuite(SuiteRunnerWorker.java:52)
at org.testng.SuiteRunnerWorker.run(SuiteRunnerWorker.java:95)
at org.testng.TestNG.runSuitesSequentially(TestNG.java:1274)
at org.testng.TestNG.runSuitesLocally(TestNG.java:1208)
at org.testng.TestNG.runSuites(TestNG.java:1112)
at org.testng.TestNG.run(TestNG.java:1079)
at org.apache.maven.surefire.testng.TestNGExecutor.run(TestNGExecutor.java:308)
at org.apache.maven.surefire.testng.TestNGXmlTestSuite.execute(TestNGXmlTestSuite.java:71)
at org.apache.maven.surefire.testng.TestNGProvider.invoke(TestNGProvider.java:113)
at org.apache.maven.surefire.booter.ForkedBooter.runSuitesInProcess(ForkedBooter.java:385)
at org.apache.maven.surefire.booter.ForkedBooter.execute(ForkedBooter.java:162)
at org.apache.maven.surefire.booter.ForkedBooter.run(ForkedBooter.java:507)
at org.apache.maven.surefire.booter.ForkedBooter.main(ForkedBooter.java:495)
]]>
    </failure>
  </testcase> <!-- deleteTest -->
  <testcase classname="TestCases.BankManagerTest" name="addCust" time="9.567"/>
  <testcase classname="TestCases.BankManagerTest" name="custDetails" time="8.298"/>
  <testcase classname="TestCases.BankManagerTest" name="placeHolderTest" time="7.299"/>
  <testcase classname="TestCases.BankManagerTest" name="custDetails" time="4.883"/>
  <testcase classname="TestCases.BankManagerTest" name="addCust" time="69.976"/>
  <testcase classname="TestCases.BankManagerTest" name="custDetails" time="10.501"/>
  <testcase classname="TestCases.BankManagerTest" name="custDetails" time="10.369"/>
  <testcase classname="TestCases.BankManagerTest" name="addCust" time="5.156"/>
  <testcase classname="TestCases.BankManagerTest" name="addCust" time="8.710"/>
  <testcase classname="TestCases.BankManagerTest" name="placeHolderTest" time="5.146"/>
  <testcase classname="TestCases.BankManagerTest" name="custDetails" time="7.629"/>
  <testcase classname="TestCases.BankManagerTest" name="addCust" time="4.911"/>
  <testcase classname="TestCases.BankManagerTest" name="custDetails" time="5.589"/>
  <testcase classname="TestCases.BankManagerTest" name="custDetails" time="7.699"/>
  <testcase classname="TestCases.BankManagerTest" name="checkDeleteButton" time="8.624"/>
  <testcase classname="TestCases.BankManagerTest" name="addCust" time="5.193"/>
  <testcase classname="TestCases.BankManagerTest" name="openAccount" time="5.222"/>
  <testcase classname="TestCases.BankManagerTest" name="openAccount" time="9.046"/>
  <testcase classname="TestCases.BankManagerTest" name="openAccount" time="5.889"/>
  <testcase classname="TestCases.BankManagerTest" name="openAccount" time="8.919"/>
  <testcase classname="TestCases.BankManagerTest" name="openAccount" time="9.095"/>
  <testcase classname="TestCases.BankManagerTest" name="openAccount" time="10.458"/>
  <testcase classname="TestCases.BankManagerTest" name="openAccount" time="11.406"/>
  <testcase classname="TestCases.BankManagerTest" name="openAccount" time="4.769"/>
  <testcase classname="TestCases.BankManagerTest" name="openAccount" time="5.032"/>
  <testcase classname="TestCases.BankManagerTest" name="openAccount" time="6.389"/>
</testsuite> <!-- TestCases.BankManagerTest -->
