<?xml version="1.0" encoding="UTF-8"?>
<!-- Generated by org.testng.reporters.JUnitXMLReporter -->
<testsuite ignored="0" hostname="INWSLPDEV-112" failures="1" tests="56" name="Bank Manager -- firefox" time="1215.989" errors="0" timestamp="2025-09-10T19:11:26 IST">
  <testcase classname="TestCases.SampleFormTest" name="valueTest" time="1.697"/>
  <testcase classname="TestCases.SampleFormTest" name="valueTest" time="1.702"/>
  <testcase classname="TestCases.SampleFormTest" name="valueTest" time="1.715"/>
  <testcase classname="TestCases.TestLifeTimeMembership" name="pageNavigationTest" time="0.001">
    <failure type="java.lang.AssertionError" message="null">
      <![CDATA[java.lang.AssertionError: null
at TestCases.TestLifeTimeMembership.pageNavigationTest(TestLifeTimeMembership.java:45)
at java.base/java.util.ArrayList.forEach(ArrayList.java:1596)
... Removed 31 stack frames]]>
    </failure>
  </testcase> <!-- pageNavigationTest -->
  <testcase classname="TestCases.HomePageTest" name="buttonsCheck" time="0.334"/>
  <testcase classname="TestCases.HomePageTest" name="custLogin" time="0.765"/>
  <testcase classname="TestCases.HomePageTest" name="home" time="1.169"/>
  <testcase classname="TestCases.HomePageTest" name="lifeTimeMembership" time="1.573"/>
  <testcase classname="TestCases.HomePageTest" name="mngrLogin" time="0.659"/>
  <testcase classname="TestCases.BankManagerTest" name="addCust" time="1.071"/>
  <testcase classname="TestCases.BankManagerTest" name="addCust" time="2.17"/>
  <testcase classname="TestCases.BankManagerTest" name="addCust" time="2.111"/>
  <testcase classname="TestCases.BankManagerTest" name="addCust" time="2.222"/>
  <testcase classname="TestCases.BankManagerTest" name="addCust" time="2.118"/>
  <testcase classname="TestCases.BankManagerTest" name="checkDeleteButton" time="0.966"/>
  <testcase classname="TestCases.BankManagerTest" name="custDetails" time="1.366"/>
  <testcase classname="TestCases.BankManagerTest" name="custDetails" time="1.316"/>
  <testcase classname="TestCases.BankManagerTest" name="custDetails" time="1.894"/>
  <testcase classname="TestCases.BankManagerTest" name="custDetails" time="0.933"/>
  <testcase classname="TestCases.BankManagerTest" name="custDetails" time="1.445"/>
  <testcase classname="TestCases.BankManagerTest" name="deleteTest" time="1.959"/>
  <testcase classname="TestCases.BankManagerTest" name="placeHolderTest" time="1.527"/>
  <testcase classname="TestCases.BankManagerTest" name="openAccount" time="3.101"/>
  <testcase classname="TestCases.BankManagerTest" name="openAccount" time="2.273"/>
  <testcase classname="TestCases.BankManagerTest" name="openAccount" time="2.01"/>
  <testcase classname="TestCases.BankManagerTest" name="openAccount" time="2.244"/>
  <testcase classname="TestCases.BankManagerTest" name="openAccount" time="2.126"/>
  <testcase classname="TestCases.CustLoginTest" name="TransactionBackButttonTest" time="3.605"/>
  <testcase classname="TestCases.CustLoginTest" name="TransactionBackButttonTest" time="3.205"/>
  <testcase classname="TestCases.CustLoginTest" name="TransactionBackButttonTest" time="3.792"/>
  <testcase classname="TestCases.CustLoginTest" name="TransactionBackButttonTest" time="3.496"/>
  <testcase classname="TestCases.CustLoginTest" name="TransactionBackButttonTest" time="3.415"/>
  <testcase classname="TestCases.CustLoginTest" name="afterLoginPageTest" time="2.726"/>
  <testcase classname="TestCases.CustLoginTest" name="afterLoginPageTest" time="2.519"/>
  <testcase classname="TestCases.CustLoginTest" name="afterLoginPageTest" time="2.58"/>
  <testcase classname="TestCases.CustLoginTest" name="afterLoginPageTest" time="2.372"/>
  <testcase classname="TestCases.CustLoginTest" name="afterLoginPageTest" time="2.342"/>
  <testcase classname="TestCases.CustLoginTest" name="depositTest" time="4.288"/>
  <testcase classname="TestCases.CustLoginTest" name="depositTest" time="4.263"/>
  <testcase classname="TestCases.CustLoginTest" name="depositTest" time="2.997"/>
  <testcase classname="TestCases.CustLoginTest" name="depositTest" time="4.275"/>
  <testcase classname="TestCases.CustLoginTest" name="depositTest" time="3.92"/>
  <testcase classname="TestCases.CustLoginTest" name="drpdownNameSelectionTest" time="5.436"/>
  <testcase classname="TestCases.CustLoginTest" name="transactionTableTest" time="4.089"/>
  <testcase classname="TestCases.CustLoginTest" name="transactionTableTest" time="4.542"/>
  <testcase classname="TestCases.CustLoginTest" name="transactionTableTest" time="3.261"/>
  <testcase classname="TestCases.CustLoginTest" name="transactionTableTest" time="3.657"/>
  <testcase classname="TestCases.CustLoginTest" name="transactionTableTest" time="3.025"/>
  <testcase classname="TestCases.CustLoginTest" name="withdrawTest" time="92.296"/>
  <testcase classname="TestCases.CustLoginTest" name="withdrawTest" time="92.442"/>
  <testcase classname="TestCases.CustLoginTest" name="withdrawTest" time="90.132"/>
  <testcase classname="TestCases.CustLoginTest" name="withdrawTest" time="63.074"/>
  <testcase classname="TestCases.CustLoginTest" name="withdrawTest" time="60.527"/>
  <testcase classname="TestCases.CustLoginTest" name="checkCustomerButton" time="0.657"/>
  <testcase classname="TestCases.CustLoginTest" name="drpDownSizeTest" time="0.789"/>
  <testcase classname="TestCases.CustLoginTest" name="drpDownNamesTest" time="1.26"/>
</testsuite> <!-- Bank Manager - firefox -->
