<?xml version="1.0" encoding="UTF-8"?>
<!-- Generated by org.testng.reporters.JUnitXMLReporter -->
<testsuite ignored="0" hostname="INWSLPDEV-112" failures="2" tests="56" name="Bank Manager -- chrome" time="346.917" errors="0" timestamp="2025-09-10T18:51:09 IST">
  <testcase classname="TestCases.SampleFormTest" name="valueTest" time="2.322"/>
  <testcase classname="TestCases.SampleFormTest" name="valueTest" time="2.562"/>
  <testcase classname="TestCases.SampleFormTest" name="valueTest" time="2.011"/>
  <testcase classname="TestCases.HomePageTest" name="buttonsCheck" time="0.2"/>
  <testcase classname="TestCases.HomePageTest" name="custLogin" time="0.689"/>
  <testcase classname="TestCases.HomePageTest" name="home" time="0.127"/>
  <testcase classname="TestCases.HomePageTest" name="lifeTimeMembership" time="1.408"/>
  <testcase classname="TestCases.HomePageTest" name="mngrLogin" time="0.741"/>
  <testcase classname="TestCases.TestLifeTimeMembership" name="pageNavigationTest" time="0.006">
    <failure type="java.lang.AssertionError" message="null">
      <![CDATA[java.lang.AssertionError: null
at TestCases.TestLifeTimeMembership.pageNavigationTest(TestLifeTimeMembership.java:45)
at java.base/java.util.ArrayList.forEach(ArrayList.java:1596)
... Removed 31 stack frames]]>
    </failure>
  </testcase> <!-- pageNavigationTest -->
  <testcase classname="TestCases.BankManagerTest" name="addCust" time="1.802"/>
  <testcase classname="TestCases.BankManagerTest" name="addCust" time="2.173"/>
  <testcase classname="TestCases.BankManagerTest" name="addCust" time="2.125"/>
  <testcase classname="TestCases.BankManagerTest" name="addCust" time="1.841"/>
  <testcase classname="TestCases.BankManagerTest" name="addCust" time="2.207"/>
  <testcase classname="TestCases.BankManagerTest" name="checkDeleteButton" time="1.927"/>
  <testcase classname="TestCases.BankManagerTest" name="custDetails" time="2.124"/>
  <testcase classname="TestCases.BankManagerTest" name="custDetails" time="1.569"/>
  <testcase classname="TestCases.BankManagerTest" name="custDetails" time="1.715"/>
  <testcase classname="TestCases.BankManagerTest" name="custDetails" time="1.574"/>
  <testcase classname="TestCases.BankManagerTest" name="custDetails" time="2.797"/>
  <testcase classname="TestCases.BankManagerTest" name="deleteTest" time="10.31">
    <failure type="java.lang.AssertionError" message="Expected condition failed: waiting for element to be clickable: By.xpath: //button[@ng-click=&amp;apos;showCust()&amp;apos;] (tried for 10 second(s) with 500 milliseconds interval)
Build info: version: &amp;apos;4.35.0&amp;apos;, revision: &amp;apos;1c58e5028b&amp;apos;
System info: os.name: &amp;apos;Windows 11&amp;apos;, os.arch: &amp;apos;amd64&amp;apos;, os.version: &amp;apos;10.0&amp;apos;, java.version: &amp;apos;21.0.8&amp;apos;
Driver info: org.openqa.selenium.chrome.ChromeDriver
Capabilities {acceptInsecureCerts: false, browserName: chrome, browserVersion: 140.0.7339.128, chrome: {chromedriverVersion: 140.0.7339.82 (bc93617e21c3..., userDataDir: C:\Users\HUNEEP~1.SUR\AppDa...}, fedcm:accounts: true, goog:chromeOptions: {debuggerAddress: localhost:61012}, networkConnectionEnabled: false, pageLoadStrategy: normal, platformName: windows, proxy: Proxy(), se:cdp: ws://localhost:61012/devtoo..., se:cdpVersion: 140.0.7339.128, setWindowRect: true, strictFileInteractability: false, timeouts: {implicit: 0, pageLoad: 300000, script: 30000}, unhandledPromptBehavior: dismiss and notify, webauthn:extension:credBlob: true, webauthn:extension:largeBlob: true, webauthn:extension:minPinLength: true, webauthn:extension:prf: true, webauthn:virtualAuthenticators: true}
Session ID: 56de828ac1fd35eb3302f53d4f461dc4">
      <![CDATA[java.lang.AssertionError: Expected condition failed: waiting for element to be clickable: By.xpath: //button[@ng-click='showCust()'] (tried for 10 second(s) with 500 milliseconds interval)
Build info: version: '4.35.0', revision: '1c58e5028b'
System info: os.name: 'Windows 11', os.arch: 'amd64', os.version: '10.0', java.version: '21.0.8'
Driver info: org.openqa.selenium.chrome.ChromeDriver
Capabilities {acceptInsecureCerts: false, browserName: chrome, browserVersion: 140.0.7339.128, chrome: {chromedriverVersion: 140.0.7339.82 (bc93617e21c3..., userDataDir: C:\Users\HUNEEP~1.SUR\AppDa...}, fedcm:accounts: true, goog:chromeOptions: {debuggerAddress: localhost:61012}, networkConnectionEnabled: false, pageLoadStrategy: normal, platformName: windows, proxy: Proxy(), se:cdp: ws://localhost:61012/devtoo..., se:cdpVersion: 140.0.7339.128, setWindowRect: true, strictFileInteractability: false, timeouts: {implicit: 0, pageLoad: 300000, script: 30000}, unhandledPromptBehavior: dismiss and notify, webauthn:extension:credBlob: true, webauthn:extension:largeBlob: true, webauthn:extension:minPinLength: true, webauthn:extension:prf: true, webauthn:virtualAuthenticators: true}
Session ID: 56de828ac1fd35eb3302f53d4f461dc4
at TestCases.BankManagerTest.deleteTest(BankManagerTest.java:228)
at java.base/java.util.ArrayList.forEach(ArrayList.java:1596)
... Removed 30 stack frames]]>
    </failure>
  </testcase> <!-- deleteTest -->
  <testcase classname="TestCases.BankManagerTest" name="placeHolderTest" time="1.909"/>
  <testcase classname="TestCases.BankManagerTest" name="openAccount" time="2.155"/>
  <testcase classname="TestCases.BankManagerTest" name="openAccount" time="2.251"/>
  <testcase classname="TestCases.BankManagerTest" name="openAccount" time="1.805"/>
  <testcase classname="TestCases.BankManagerTest" name="openAccount" time="1.876"/>
  <testcase classname="TestCases.BankManagerTest" name="openAccount" time="1.773"/>
  <testcase classname="TestCases.CustLoginTest" name="TransactionBackButttonTest" time="3.775"/>
  <testcase classname="TestCases.CustLoginTest" name="TransactionBackButttonTest" time="3.772"/>
  <testcase classname="TestCases.CustLoginTest" name="TransactionBackButttonTest" time="3.458"/>
  <testcase classname="TestCases.CustLoginTest" name="TransactionBackButttonTest" time="3.653"/>
  <testcase classname="TestCases.CustLoginTest" name="TransactionBackButttonTest" time="3.906"/>
  <testcase classname="TestCases.CustLoginTest" name="afterLoginPageTest" time="2.244"/>
  <testcase classname="TestCases.CustLoginTest" name="afterLoginPageTest" time="2.284"/>
  <testcase classname="TestCases.CustLoginTest" name="afterLoginPageTest" time="2.269"/>
  <testcase classname="TestCases.CustLoginTest" name="afterLoginPageTest" time="2.468"/>
  <testcase classname="TestCases.CustLoginTest" name="afterLoginPageTest" time="2.745"/>
  <testcase classname="TestCases.CustLoginTest" name="depositTest" time="4.397"/>
  <testcase classname="TestCases.CustLoginTest" name="depositTest" time="4.819"/>
  <testcase classname="TestCases.CustLoginTest" name="depositTest" time="4.384"/>
  <testcase classname="TestCases.CustLoginTest" name="depositTest" time="4.655"/>
  <testcase classname="TestCases.CustLoginTest" name="depositTest" time="4.219"/>
  <testcase classname="TestCases.CustLoginTest" name="drpdownNameSelectionTest" time="3.762"/>
  <testcase classname="TestCases.CustLoginTest" name="transactionTableTest" time="3.512"/>
  <testcase classname="TestCases.CustLoginTest" name="transactionTableTest" time="3.738"/>
  <testcase classname="TestCases.CustLoginTest" name="transactionTableTest" time="3.198"/>
  <testcase classname="TestCases.CustLoginTest" name="transactionTableTest" time="3.69"/>
  <testcase classname="TestCases.CustLoginTest" name="transactionTableTest" time="3.141"/>
  <testcase classname="TestCases.CustLoginTest" name="withdrawTest" time="4.651"/>
  <testcase classname="TestCases.CustLoginTest" name="withdrawTest" time="4.619"/>
  <testcase classname="TestCases.CustLoginTest" name="withdrawTest" time="5.318"/>
  <testcase classname="TestCases.CustLoginTest" name="withdrawTest" time="5.427"/>
  <testcase classname="TestCases.CustLoginTest" name="withdrawTest" time="5.373"/>
  <testcase classname="TestCases.CustLoginTest" name="checkCustomerButton" time="0.711"/>
  <testcase classname="TestCases.CustLoginTest" name="drpDownSizeTest" time="0.807"/>
  <testcase classname="TestCases.CustLoginTest" name="drpDownNamesTest" time="0.854"/>
</testsuite> <!-- Bank Manager - chrome -->
